<html>
<head>
<title>TestNG:  TestEdge</title>
<link href="../testng.css" rel="stylesheet" type="text/css" />
<link href="../my-testng.css" rel="stylesheet" type="text/css" />

<style type="text/css">
.log { display: none;} 
.stack-trace { display: none;} 
</style>
<script type="text/javascript">
<!--
function flip(e) {
  current = e.style.display;
  if (current == 'block') {
    e.style.display = 'none';
    return 0;
  }
  else {
    e.style.display = 'block';
    return 1;
  }
}

function toggleBox(szDivId, elem, msg1, msg2)
{
  var res = -1;  if (document.getElementById) {
    res = flip(document.getElementById(szDivId));
  }
  else if (document.all) {
    // this is the way old msie versions work
    res = flip(document.all[szDivId]);
  }
  if(elem) {
    if(res == 0) elem.innerHTML = msg1; else elem.innerHTML = msg2;
  }

}

function toggleAllBoxes() {
  if (document.getElementsByTagName) {
    d = document.getElementsByTagName('div');
    for (i = 0; i < d.length; i++) {
      if (d[i].className == 'log') {
        flip(d[i]);
      }
    }
  }
}

// -->
</script>

</head>
<body>
<h2 align='center'>TestEdge</h2><table border='1' align="center">
<tr>
<td>Tests passed/Failed/Skipped:</td><td>3/2/0</td>
</tr><tr>
<<<<<<< HEAD
<td>Started on:</td><td>Mon Jul 21 09:32:45 IST 2025</td>
</tr>
<tr><td>Total time:</td><td>257 seconds (257200 ms)</td>
=======
<td>Started on:</td><td>Sun Jul 20 12:37:57 IST 2025</td>
</tr>
<tr><td>Total time:</td><td>128 seconds (128527 ms)</td>
>>>>>>> main
</tr><tr>
<td>Included groups:</td><td></td>
</tr><tr>
<td>Excluded groups:</td><td></td>
</tr>
</table><p/>
<small><i>(Hover the method name to see the test class name)</i></small><p/>
<table width='100%' border='1' class='invocation-failed'>
<tr><td colspan='4' align='center'><b>FAILED TESTS</b></td></tr>
<tr><td><b>Test method</b></td>
<td><b>Attribute(s)</b></td>
<td width="30%"><b>Exception</b></td>
<td width="10%"><b>Time (seconds)</b></td>
<td><b>Instance</b></td>
</tr>
<tr>
<td title='testCases.CabBookingPageTest.TC_OCB_01()'><b>TC_OCB_01</b><br>Test class: testCases.CabBookingPageTest<br>Test method: To verify successful One-Way SUV cab search from Delhi to Manali with valid future date and time.<br>Parameters: Delhi, Manali, Himachal Pradesh, Dec 09 2025, 8:30 AM, SUV, org.testng.TestRunner@4dec506a</td>
<td><div><pre>java.lang.AssertionError: Lowest charged Cab search failed: no such element: Unable to locate element: {&quot;method&quot;:&quot;xpath&quot;,&quot;selector&quot;:&quot;//li[text()=&apos;Outstation One-Way&apos;]&quot;}
  (Session info: MicrosoftEdge=138.0.3351.95)
For documentation on this error, please visit: https://www.selenium.dev/documentation/webdriver/troubleshooting/errors#no-such-element-exception
Build info: version: &apos;4.20.0&apos;, revision: &apos;866c76ca80&apos;
System info: os.name: &apos;Windows 11&apos;, os.arch: &apos;amd64&apos;, os.version: &apos;10.0&apos;, java.version: &apos;21.0.7&apos;
Driver info: org.openqa.selenium.edge.EdgeDriver
Command: [455eb6b08469af3dfc6f3f13fbaabe37, findElement {value=//li[text()=&apos;Outstation One-Way&apos;], using=xpath}]
Capabilities {acceptInsecureCerts: false, browserName: MicrosoftEdge, browserVersion: 138.0.3351.95, fedcm:accounts: true, ms:edgeOptions: {debuggerAddress: localhost:53962}, msedge: {msedgedriverVersion: 138.0.3351.83 (16e2a7bef320..., userDataDir: C:\Users\2407474\AppData\Lo...}, networkConnectionEnabled: false, pageLoadStrategy: normal, platformName: windows, proxy: Proxy(), se:cdp: ws://localhost:53962/devtoo..., se:cdpVersion: 138.0.3351.95, setWindowRect: true, strictFileInteractability: false, timeouts: {implicit: 0, pageLoad: 300000, script: 30000}, unhandledPromptBehavior: dismiss and notify, webauthn:extension:credBlob: true, webauthn:extension:largeBlob: true, webauthn:extension:minPinLength: true, webauthn:extension:prf: true, webauthn:virtualAuthenticators: true}
Session ID: 455eb6b08469af3dfc6f3f13fbaabe37
	at testCases.CabBookingPageTest.TC_OCB_01(CabBookingPageTest.java:48)
	at java.base/java.util.ArrayList.forEach(ArrayList.java:1596)
	at java.base/java.util.concurrent.FutureTask.run(FutureTask.java:317)
	at java.base/java.util.concurrent.ThreadPoolExecutor.runWorker(ThreadPoolExecutor.java:1144)
	at java.base/java.util.concurrent.ThreadPoolExecutor$Worker.run(ThreadPoolExecutor.java:642)
	at java.base/java.lang.Thread.run(Thread.java:1583)
... Removed 16 stack frames</pre></div><a href='#' onClick='toggleBox("stack-trace1808147935", this, "Click to show all stack frames", "Click to hide stack frames")'>Click to show all stack frames</a>
<div class='stack-trace' id='stack-trace1808147935'><pre>java.lang.AssertionError: Lowest charged Cab search failed: no such element: Unable to locate element: {&quot;method&quot;:&quot;xpath&quot;,&quot;selector&quot;:&quot;//li[text()=&apos;Outstation One-Way&apos;]&quot;}
  (Session info: MicrosoftEdge=138.0.3351.95)
For documentation on this error, please visit: https://www.selenium.dev/documentation/webdriver/troubleshooting/errors#no-such-element-exception
Build info: version: &apos;4.20.0&apos;, revision: &apos;866c76ca80&apos;
System info: os.name: &apos;Windows 11&apos;, os.arch: &apos;amd64&apos;, os.version: &apos;10.0&apos;, java.version: &apos;21.0.7&apos;
Driver info: org.openqa.selenium.edge.EdgeDriver
Command: [455eb6b08469af3dfc6f3f13fbaabe37, findElement {value=//li[text()=&apos;Outstation One-Way&apos;], using=xpath}]
Capabilities {acceptInsecureCerts: false, browserName: MicrosoftEdge, browserVersion: 138.0.3351.95, fedcm:accounts: true, ms:edgeOptions: {debuggerAddress: localhost:53962}, msedge: {msedgedriverVersion: 138.0.3351.83 (16e2a7bef320..., userDataDir: C:\Users\2407474\AppData\Lo...}, networkConnectionEnabled: false, pageLoadStrategy: normal, platformName: windows, proxy: Proxy(), se:cdp: ws://localhost:53962/devtoo..., se:cdpVersion: 138.0.3351.95, setWindowRect: true, strictFileInteractability: false, timeouts: {implicit: 0, pageLoad: 300000, script: 30000}, unhandledPromptBehavior: dismiss and notify, webauthn:extension:credBlob: true, webauthn:extension:largeBlob: true, webauthn:extension:minPinLength: true, webauthn:extension:prf: true, webauthn:virtualAuthenticators: true}
Session ID: 455eb6b08469af3dfc6f3f13fbaabe37
	at org.testng.Assert.fail(Assert.java:111)
	at testCases.CabBookingPageTest.TC_OCB_01(CabBookingPageTest.java:48)
	at java.base/jdk.internal.reflect.DirectMethodHandleAccessor.invoke(DirectMethodHandleAccessor.java:103)
	at java.base/java.lang.reflect.Method.invoke(Method.java:580)
	at org.testng.internal.invokers.MethodInvocationHelper.invokeMethod(MethodInvocationHelper.java:139)
	at org.testng.internal.invokers.TestInvoker.invokeMethod(TestInvoker.java:664)
	at org.testng.internal.invokers.TestInvoker.invokeTestMethod(TestInvoker.java:228)
	at org.testng.internal.invokers.MethodRunner.runInSequence(MethodRunner.java:63)
	at org.testng.internal.invokers.TestInvoker$MethodInvocationAgent.invoke(TestInvoker.java:961)
	at org.testng.internal.invokers.TestInvoker.invokeTestMethods(TestInvoker.java:201)
	at org.testng.internal.invokers.TestMethodWorker.invokeTestMethods(TestMethodWorker.java:148)
	at org.testng.internal.invokers.TestMethodWorker.run(TestMethodWorker.java:128)
	at java.base/java.util.ArrayList.forEach(ArrayList.java:1596)
	at org.testng.TestRunner.privateRun(TestRunner.java:819)
	at org.testng.TestRunner.run(TestRunner.java:619)
	at org.testng.SuiteRunner.runTest(SuiteRunner.java:443)
	at org.testng.SuiteRunner$SuiteWorker.run(SuiteRunner.java:481)
	at org.testng.internal.thread.ThreadUtil.lambda$execute$0(ThreadUtil.java:58)
	at java.base/java.util.concurrent.FutureTask.run(FutureTask.java:317)
	at java.base/java.util.concurrent.ThreadPoolExecutor.runWorker(ThreadPoolExecutor.java:1144)
	at java.base/java.util.concurrent.ThreadPoolExecutor$Worker.run(ThreadPoolExecutor.java:642)
	at java.base/java.lang.Thread.run(Thread.java:1583)
</pre></div></td>
<td>7</td>
<td>testCases.CabBookingPageTest@a4ca3f6</td></tr>
<tr>
<td title='testCases.CabBookingPageTest.TC_OCB_14()'><b>TC_OCB_14</b><br>Test class: testCases.CabBookingPageTest<br>Test method: To verify behavior when no cabs are available for the selected criteria.<br>Parameters: Leh, Kargil, Jul 25 2025, 10:00 AM, org.testng.TestRunner@4dec506a</td>
<td><div><pre>java.lang.AssertionError: Expected condition failed: waiting for text (&apos;Kargil&apos;) to be present in element found by By.xpath: //li[@role=&apos;option&apos;] (tried for 3 second(s) with 500 milliseconds interval)
	at testCases.CabBookingPageTest.TC_OCB_14(CabBookingPageTest.java:433)
	at java.base/java.util.ArrayList.forEach(ArrayList.java:1596)
	at java.base/java.util.concurrent.FutureTask.run(FutureTask.java:317)
	at java.base/java.util.concurrent.ThreadPoolExecutor.runWorker(ThreadPoolExecutor.java:1144)
	at java.base/java.util.concurrent.ThreadPoolExecutor$Worker.run(ThreadPoolExecutor.java:642)
	at java.base/java.lang.Thread.run(Thread.java:1583)
... Removed 16 stack frames</pre></div><a href='#' onClick='toggleBox("stack-trace554632517", this, "Click to show all stack frames", "Click to hide stack frames")'>Click to show all stack frames</a>
<div class='stack-trace' id='stack-trace554632517'><pre>java.lang.AssertionError: Expected condition failed: waiting for text (&apos;Kargil&apos;) to be present in element found by By.xpath: //li[@role=&apos;option&apos;] (tried for 3 second(s) with 500 milliseconds interval)
	at org.testng.Assert.fail(Assert.java:111)
	at testCases.CabBookingPageTest.TC_OCB_14(CabBookingPageTest.java:433)
	at java.base/jdk.internal.reflect.DirectMethodHandleAccessor.invoke(DirectMethodHandleAccessor.java:103)
	at java.base/java.lang.reflect.Method.invoke(Method.java:580)
	at org.testng.internal.invokers.MethodInvocationHelper.invokeMethod(MethodInvocationHelper.java:139)
	at org.testng.internal.invokers.TestInvoker.invokeMethod(TestInvoker.java:664)
	at org.testng.internal.invokers.TestInvoker.invokeTestMethod(TestInvoker.java:228)
	at org.testng.internal.invokers.MethodRunner.runInSequence(MethodRunner.java:63)
	at org.testng.internal.invokers.TestInvoker$MethodInvocationAgent.invoke(TestInvoker.java:961)
	at org.testng.internal.invokers.TestInvoker.invokeTestMethods(TestInvoker.java:201)
	at org.testng.internal.invokers.TestMethodWorker.invokeTestMethods(TestMethodWorker.java:148)
	at org.testng.internal.invokers.TestMethodWorker.run(TestMethodWorker.java:128)
	at java.base/java.util.ArrayList.forEach(ArrayList.java:1596)
	at org.testng.TestRunner.privateRun(TestRunner.java:819)
	at org.testng.TestRunner.run(TestRunner.java:619)
	at org.testng.SuiteRunner.runTest(SuiteRunner.java:443)
	at org.testng.SuiteRunner$SuiteWorker.run(SuiteRunner.java:481)
	at org.testng.internal.thread.ThreadUtil.lambda$execute$0(ThreadUtil.java:58)
	at java.base/java.util.concurrent.FutureTask.run(FutureTask.java:317)
	at java.base/java.util.concurrent.ThreadPoolExecutor.runWorker(ThreadPoolExecutor.java:1144)
	at java.base/java.util.concurrent.ThreadPoolExecutor$Worker.run(ThreadPoolExecutor.java:642)
	at java.base/java.lang.Thread.run(Thread.java:1583)
</pre></div></td>
<td>14</td>
<td>testCases.CabBookingPageTest@a4ca3f6</td></tr>
</table><p>
<table width='100%' border='1' class='invocation-passed'>
<tr><td colspan='4' align='center'><b>PASSED TESTS</b></td></tr>
<tr><td><b>Test method</b></td>
<td><b>Attribute(s)</b></td>
<td width="30%"><b>Exception</b></td>
<td width="10%"><b>Time (seconds)</b></td>
<td><b>Instance</b></td>
</tr>
<tr>
<<<<<<< HEAD
<td title='testCases.CabBookingPageTest.TC_OCB_13()'><b>TC_OCB_13</b><br>Test class: testCases.CabBookingPageTest<br>Test method: To verify that search results are displayed even if "SUV" filter is not applied initially.<br>Parameters: Delhi, Manali, Himachal Pradesh, Dec 09 2025, 8:30 am, SUV, org.testng.TestRunner@272485a6</td>
<td></td>
<td>9</td>
<td>testCases.CabBookingPageTest@72ea6193</td></tr>
<tr>
<td title='testCases.GiftCardPageTest.TC_GC_01()'><b>TC_GC_01</b><br>Test class: testCases.GiftCardPageTest<br>Test method: Invalid sender email<br>Parameters: Sahil, 9876543210, invalid-email, org.testng.TestRunner@272485a6</td>
<td></td>
<td>5</td>
<td>testCases.GiftCardPageTest@45905bff</td></tr>
<tr>
<td title='testCases.CabBookingPageTest.TC_OCB_15()'><b>TC_OCB_15</b><br>Test class: testCases.CabBookingPageTest<br>Test method: To verify behavior with same "From" and "To" locations.<br>Parameters: Delhi, Manali, Himachal Pradesh, Dec 09 2025, 8:30 am, SUV, org.testng.TestRunner@272485a6</td>
<td></td>
<td>3</td>
<td>testCases.CabBookingPageTest@72ea6193</td></tr>
<tr>
<td title='testCases.CabBookingPageTest.TC_OCB_02()'><b>TC_OCB_02</b><br>Test class: testCases.CabBookingPageTest<br>Test method: To verify that only SUV cab type filter is applied and results are displayed accordingly.<br>Parameters: Delhi, Manali, Himachal Pradesh, Dec 09 2025, 8:30 am, SUV, org.testng.TestRunner@272485a6</td>
<td></td>
<td>10</td>
<td>testCases.CabBookingPageTest@72ea6193</td></tr>
<tr>
<td title='testCases.CabBookingPageTest.TC_OCB_12()'><b>TC_OCB_12</b><br>Test class: testCases.CabBookingPageTest<br>Test method: To verify the presence of SUV filter.<br>Parameters: Delhi, Manali, Himachal Pradesh, Dec 09 2025, 8:30 am, SUV, org.testng.TestRunner@272485a6</td>
<td></td>
<td>10</td>
<td>testCases.CabBookingPageTest@72ea6193</td></tr>
<tr>
<td title='testCases.CabBookingPageTest.TC_OCB_11()'><b>TC_OCB_11</b><br>Test class: testCases.CabBookingPageTest<br>Test method: To verify that dates beyond  limit in the future are disabled in the departure date picker.<br>Parameters: org.testng.TestRunner@272485a6</td>
<td></td>
<td>6</td>
<td>testCases.CabBookingPageTest@72ea6193</td></tr>
<tr>
<td title='testCases.HotelBookingTest.TC_HB_04()'><b>TC_HB_04</b><br>Test class: testCases.HotelBookingTest<br>Test method: Verify default value of adult dropdown<br>Parameters: org.testng.TestRunner@272485a6</td>
<td></td>
<td>1</td>
<td>testCases.HotelBookingTest@31aa3ca5</td></tr>
<tr>
<td title='testCases.HotelBookingTest.TC_HB_05()'><b>TC_HB_05</b><br>Test class: testCases.HotelBookingTest<br>Test method: Verify selected value is reflected after applying<br>Parameters: org.testng.TestRunner@272485a6</td>
<td></td>
<td>1</td>
<td>testCases.HotelBookingTest@31aa3ca5</td></tr>
<tr>
<td title='testCases.HotelBookingTest.TC_HB_02()'><b>TC_HB_02</b><br>Test class: testCases.HotelBookingTest<br>Test method: Verify clicking on specific adult counts<br>Parameters: org.testng.TestRunner@272485a6</td>
<td></td>
<td>4</td>
<td>testCases.HotelBookingTest@31aa3ca5</td></tr>
<tr>
<td title='testCases.GiftCardPageTest.TC_GC_02()'><b>TC_GC_02</b><br>Test class: testCases.GiftCardPageTest<br>Test method: Fill multiple recipients and capture error<br>Parameters: Recipient1, 1234567890, r1gmail.com, Recipient2, 2345678901, R2#gmail.com, Abhinav, 9502377742, abhinav@gm.com, org.testng.TestRunner@272485a6</td>
<td></td>
<td>7</td>
<td>testCases.GiftCardPageTest@45905bff</td></tr>
<tr>
<td title='testCases.CabBookingPageTest.TC_OCB_03()'><b>TC_OCB_03</b><br>Test class: testCases.CabBookingPageTest<br>Test method: To verify that the selected "From" location is reflected in search results.<br>Parameters: Delhi, Manali, Himachal Pradesh, Dec 09 2025, 8:30 am, SUV, org.testng.TestRunner@272485a6</td>
<td></td>
<td>10</td>
<td>testCases.CabBookingPageTest@72ea6193</td></tr>
<tr>
<td title='testCases.CabBookingPageTest.TC_OCB_09()'><b>TC_OCB_09</b><br>Test class: testCases.CabBookingPageTest<br>Test method: To verify Suggestion when an invalid/unserviceable "To" location is entered.<br>Parameters: org.testng.TestRunner@272485a6</td>
<td></td>
<td>3</td>
<td>testCases.CabBookingPageTest@72ea6193</td></tr>
<tr>
<td title='testCases.CabBookingPageTest.TC_OCB_14()'><b>TC_OCB_14</b><br>Test class: testCases.CabBookingPageTest<br>Test method: To verify behavior when no cabs are available for the selected criteria.<br>Parameters: Leh, Kargil, Jul 25 2025, 10:00 am, org.testng.TestRunner@272485a6</td>
<td></td>
<td>13</td>
<td>testCases.CabBookingPageTest@72ea6193</td></tr>
<tr>
<td title='testCases.CabBookingPageTest.TC_OCB_01()'><b>TC_OCB_01</b><br>Test class: testCases.CabBookingPageTest<br>Test method: To verify successful One-Way SUV cab search from Delhi to Manali with valid future date and time.<br>Parameters: Delhi, Manali, Himachal Pradesh, Dec 09 2025, 8:30 am, SUV, org.testng.TestRunner@272485a6</td>
<td></td>
<td>34</td>
<td>testCases.CabBookingPageTest@72ea6193</td></tr>
<tr>
<td title='testCases.CabBookingPageTest.TC_OCB_07()'><b>TC_OCB_07</b><br>Test class: testCases.CabBookingPageTest<br>Test method: To verify Clear All functionality of filters.<br>Parameters: Delhi, Manali, Himachal Pradesh, Dec 09 2025, 8:30 am, SUV, org.testng.TestRunner@272485a6</td>
<td></td>
<td>15</td>
<td>testCases.CabBookingPageTest@72ea6193</td></tr>
<tr>
<td title='testCases.CabBookingPageTest.TC_OCB_10()'><b>TC_OCB_10</b><br>Test class: testCases.CabBookingPageTest<br>Test method: To verify that previous dates are disabled in the departure date picker.<br>Parameters: org.testng.TestRunner@272485a6</td>
<td></td>
<td>2</td>
<td>testCases.CabBookingPageTest@72ea6193</td></tr>
<tr>
<td title='testCases.CabBookingPageTest.TC_OCB_08()'><b>TC_OCB_08</b><br>Test class: testCases.CabBookingPageTest<br>Test method: To verify Suggestion when an invalid/unserviceable "From" location is entered.<br>Parameters: org.testng.TestRunner@272485a6</td>
<td></td>
<td>3</td>
<td>testCases.CabBookingPageTest@72ea6193</td></tr>
<tr>
<td title='testCases.CabBookingPageTest.TC_OCB_06()'><b>TC_OCB_06</b><br>Test class: testCases.CabBookingPageTest<br>Test method: To verify that the selected "Pickup Time" is reflected in search results.<br>Parameters: Delhi, Manali, Himachal Pradesh, Dec 09 2025, 8:30 am, SUV, org.testng.TestRunner@272485a6</td>
<td></td>
<td>10</td>
<td>testCases.CabBookingPageTest@72ea6193</td></tr>
<tr>
<td title='testCases.HotelBookingTest.TC_HB_01()'><b>TC_HB_01</b><br>Test class: testCases.HotelBookingTest<br>Test method: Verify adult dropdown count range<br>Parameters: org.testng.TestRunner@272485a6</td>
<td></td>
<td>1</td>
<td>testCases.HotelBookingTest@31aa3ca5</td></tr>
<tr>
<td title='testCases.HotelBookingTest.TC_HB_03()'><b>TC_HB_03</b><br>Test class: testCases.HotelBookingTest<br>Test method: Verify RoomsAndGuests selector is enabled<br>Parameters: org.testng.TestRunner@272485a6</td>
<td></td>
<td>1</td>
<td>testCases.HotelBookingTest@31aa3ca5</td></tr>
<tr>
<td title='testCases.GiftCardPageTest.TC_GC_03()'><b>TC_GC_03</b><br>Test class: testCases.GiftCardPageTest<br>Test method: Fill recipient form and capture error<br>Parameters: Alice, 4567891230, 234QWE122@GMAIL.COM, Happy Birthday!, org.testng.TestRunner@272485a6</td>
<td></td>
<td>6</td>
<td>testCases.GiftCardPageTest@45905bff</td></tr>
<tr>
<td title='testCases.CabBookingPageTest.TC_OCB_04()'><b>TC_OCB_04</b><br>Test class: testCases.CabBookingPageTest<br>Test method: To verify that the selected "To" location is reflected in search results.<br>Parameters: Delhi, Manali, Himachal Pradesh, Dec 09 2025, 8:30 am, SUV, org.testng.TestRunner@272485a6</td>
<td></td>
<td>9</td>
<td>testCases.CabBookingPageTest@72ea6193</td></tr>
<tr>
<td title='testCases.CabBookingPageTest.TC_OCB_05()'><b>TC_OCB_05</b><br>Test class: testCases.CabBookingPageTest<br>Test method: To verify that the selected "Departure Date" is reflected in search results.<br>Parameters: Delhi, Manali, Himachal Pradesh, Dec 09 2025, 8:30 am, SUV, org.testng.TestRunner@272485a6</td>
<td></td>
<td>10</td>
<td>testCases.CabBookingPageTest@72ea6193</td></tr>
=======
<td title='testCases.HotelBookingTest.TC_HB_01()'><b>TC_HB_01</b><br>Test class: testCases.HotelBookingTest<br>Test method: Verify adult dropdown count range<br>Parameters: org.testng.TestRunner@4dec506a</td>
<td></td>
<td>2</td>
<td>testCases.HotelBookingTest@72ea6193</td></tr>
<tr>
<td title='testCases.CabBookingPageTest.TC_OCB_10()'><b>TC_OCB_10</b><br>Test class: testCases.CabBookingPageTest<br>Test method: To verify that previous dates are disabled in the departure date picker.<br>Parameters: org.testng.TestRunner@4dec506a</td>
<td></td>
<td>1</td>
<td>testCases.CabBookingPageTest@a4ca3f6</td></tr>
<tr>
<td title='testCases.GiftCardPageTest.TC_GC_01()'><b>TC_GC_01</b><br>Test class: testCases.GiftCardPageTest<br>Test method: Invalid sender email<br>Parameters: Sahil, 9876543210, invalid-email, org.testng.TestRunner@4dec506a</td>
<td></td>
<td>8</td>
<td>testCases.GiftCardPageTest@31aa3ca5</td></tr>
>>>>>>> main
</table><p>
</body>
</html>