<!DOCTYPE html>

<html>
  <head>
  <meta charset='utf-8'>
  <title>TestNG reports</title>

    <link type="text/css" href="testng-reports1.css" rel="stylesheet" id="ultra" />
    <link type="text/css" href="testng-reports.css" rel="stylesheet" id="retro" disabled="false"/>
    <script type="text/javascript" src="jquery-3.6.0.min.js"></script>
    <script type="text/javascript" src="testng-reports.js"></script>
    <script type="text/javascript" src="https://www.google.com/jsapi"></script>
    <script type='text/javascript'>
      google.load('visualization', '1', {packages:['table']});
      google.setOnLoadCallback(drawTable);
      var suiteTableInitFunctions = new Array();
      var suiteTableData = new Array();
    </script>
    <!--
      <script type="text/javascript" src="jquery-ui/js/jquery-ui-1.8.16.custom.min.js"></script>
     -->
  </head>

  <body>    <div class="top-banner-root">
      <span class="top-banner-title-font">Test results</span>
      <button id="button" class="button">Switch Retro Theme</button> <!-- button -->
      <br/>
      <span class="top-banner-font-1">1 suite, 22 failed tests</span>
    </div> <!-- top-banner-root -->
    <div class="navigator-root">
      <div class="navigator-suite-header">
        <span>All suites</span>
        <a href="#" title="Collapse/expand all the suites" class="collapse-all-link">
          <img src="collapseall.gif" class="collapse-all-icon">
          </img> <!-- collapse-all-icon -->
        </a> <!-- collapse-all-link -->
      </div> <!-- navigator-suite-header -->
      <div class="suite">
        <div class="rounded-window">
          <div class="suite-header light-rounded-window-top">
            <a href="#" panel-name="suite-Suite" class="navigator-link">
              <span class="suite-name border-failed">Suite</span>
            </a> <!-- navigator-link -->
          </div> <!-- suite-header light-rounded-window-top -->
          <div class="navigator-suite-content">
            <div class="suite-section-title">
              <span>Info</span>
            </div> <!-- suite-section-title -->
            <div class="suite-section-content">
              <ul>
                <li>
                  <a href="#" panel-name="test-xml-Suite" class="navigator-link ">
                    <span>C:\Users\2406720\MakeMyTrip_FinalProject\src\test\resources\tests.xml</span>
                  </a> <!-- navigator-link  -->
                </li>
                <li>
                  <a href="#" panel-name="testlist-Suite" class="navigator-link ">
                    <span class="test-stats">1 test</span>
                  </a> <!-- navigator-link  -->
                </li>
                <li>
                  <a href="#" panel-name="group-Suite" class="navigator-link ">
                    <span>2 groups</span>
                  </a> <!-- navigator-link  -->
                </li>
                <li>
                  <a href="#" panel-name="times-Suite" class="navigator-link ">
                    <span>Times</span>
                  </a> <!-- navigator-link  -->
                </li>
                <li>
                  <a href="#" panel-name="reporter-Suite" class="navigator-link ">
                    <span>Reporter output</span>
                  </a> <!-- navigator-link  -->
                </li>
                <li>
                  <a href="#" panel-name="ignored-methods-Suite" class="navigator-link ">
                    <span>Ignored methods</span>
                  </a> <!-- navigator-link  -->
                </li>
                <li>
                  <a href="#" panel-name="chronological-Suite" class="navigator-link ">
                    <span>Chronological view</span>
                  </a> <!-- navigator-link  -->
                </li>
              </ul>
            </div> <!-- suite-section-content -->
            <div class="result-section">
              <div class="suite-section-title">
                <span>Results</span>
              </div> <!-- suite-section-title -->
              <div class="suite-section-content">
                <ul>
                  <li>
                    <span class="method-stats">23 methods, 22 failed,   1 passed</span>
                  </li>
                  <li>
                    <span class="method-list-title failed">Failed methods</span>
                    <span class="show-or-hide-methods failed">
                      <a href="#" panel-name="suite-Suite" class="hide-methods failed suite-Suite"> (hide)</a> <!-- hide-methods failed suite-Suite -->
                      <a href="#" panel-name="suite-Suite" class="show-methods failed suite-Suite"> (show)</a> <!-- show-methods failed suite-Suite -->
                    </span>
                    <div class="method-list-content failed suite-Suite">
                      <span>
                        <img src="failed.png" width="3%"/>
                        <a href="#" panel-name="suite-Suite" title="testCases.GiftCardPageTest" class="method navigator-link" hash-for-method="TC_GC_01">TC_GC_01</a> <!-- method navigator-link -->
                      </span>
                      <br/>
                      <span>
                        <img src="failed.png" width="3%"/>
                        <a href="#" panel-name="suite-Suite" title="testCases.GiftCardPageTest" class="method navigator-link" hash-for-method="TC_GC_02">TC_GC_02</a> <!-- method navigator-link -->
                      </span>
                      <br/>
                      <span>
                        <img src="failed.png" width="3%"/>
                        <a href="#" panel-name="suite-Suite" title="testCases.GiftCardPageTest" class="method navigator-link" hash-for-method="TC_GC_03">TC_GC_03</a> <!-- method navigator-link -->
                      </span>
                      <br/>
                      <span>
                        <img src="failed.png" width="3%"/>
                        <a href="#" panel-name="suite-Suite" title="testCases.HotelBookingTest" class="method navigator-link" hash-for-method="TC_HB_01">TC_HB_01</a> <!-- method navigator-link -->
                      </span>
                      <br/>
                      <span>
                        <img src="failed.png" width="3%"/>
                        <a href="#" panel-name="suite-Suite" title="testCases.HotelBookingTest" class="method navigator-link" hash-for-method="TC_HB_02">TC_HB_02</a> <!-- method navigator-link -->
                      </span>
                      <br/>
                      <span>
                        <img src="failed.png" width="3%"/>
                        <a href="#" panel-name="suite-Suite" title="testCases.HotelBookingTest" class="method navigator-link" hash-for-method="TC_HB_03">TC_HB_03</a> <!-- method navigator-link -->
                      </span>
                      <br/>
                      <span>
                        <img src="failed.png" width="3%"/>
                        <a href="#" panel-name="suite-Suite" title="testCases.HotelBookingTest" class="method navigator-link" hash-for-method="TC_HB_04">TC_HB_04</a> <!-- method navigator-link -->
                      </span>
                      <br/>
                      <span>
                        <img src="failed.png" width="3%"/>
                        <a href="#" panel-name="suite-Suite" title="testCases.HotelBookingTest" class="method navigator-link" hash-for-method="TC_HB_05">TC_HB_05</a> <!-- method navigator-link -->
                      </span>
                      <br/>
                      <span>
                        <img src="failed.png" width="3%"/>
                        <a href="#" panel-name="suite-Suite" title="testCases.CabBookingPageTest" class="method navigator-link" hash-for-method="TC_OCB_01(Delhi, Manali, Himachal Pradesh, Aug 09 2025, 12:40 PM, SUV)">TC_OCB_01(Delhi, Manali, Himachal Pradesh, Aug 09 2025, 12:40 PM, SUV)</a> <!-- method navigator-link -->
                      </span>
                      <br/>
                      <span>
                        <img src="failed.png" width="3%"/>
                        <a href="#" panel-name="suite-Suite" title="testCases.CabBookingPageTest" class="method navigator-link" hash-for-method="TC_OCB_02(Delhi, Manali, Himachal Pradesh, Aug 09 2025, 12:40 PM, SUV)">TC_OCB_02(Delhi, Manali, Himachal Pradesh, Aug 09 2025, 12:40 PM, SUV)</a> <!-- method navigator-link -->
                      </span>
                      <br/>
                      <span>
                        <img src="failed.png" width="3%"/>
                        <a href="#" panel-name="suite-Suite" title="testCases.CabBookingPageTest" class="method navigator-link" hash-for-method="TC_OCB_03(Delhi, Manali, Himachal Pradesh, Aug 09 2025, 12:40 PM, SUV)">TC_OCB_03(Delhi, Manali, Himachal Pradesh, Aug 09 2025, 12:40 PM, SUV)</a> <!-- method navigator-link -->
                      </span>
                      <br/>
                      <span>
                        <img src="failed.png" width="3%"/>
                        <a href="#" panel-name="suite-Suite" title="testCases.CabBookingPageTest" class="method navigator-link" hash-for-method="TC_OCB_04(Delhi, Manali, Himachal Pradesh, Aug 09 2025, 12:40 PM, SUV)">TC_OCB_04(Delhi, Manali, Himachal Pradesh, Aug 09 2025, 12:40 PM, SUV)</a> <!-- method navigator-link -->
                      </span>
                      <br/>
                      <span>
                        <img src="failed.png" width="3%"/>
                        <a href="#" panel-name="suite-Suite" title="testCases.CabBookingPageTest" class="method navigator-link" hash-for-method="TC_OCB_05(Delhi, Manali, Himachal Pradesh, Aug 09 2025, 12:40 PM, SUV)">TC_OCB_05(Delhi, Manali, Himachal Pradesh, Aug 09 2025, 12:40 PM, SUV)</a> <!-- method navigator-link -->
                      </span>
                      <br/>
                      <span>
                        <img src="failed.png" width="3%"/>
                        <a href="#" panel-name="suite-Suite" title="testCases.CabBookingPageTest" class="method navigator-link" hash-for-method="TC_OCB_06(Delhi, Manali, Himachal Pradesh, Aug 09 2025, 12:40 PM, SUV)">TC_OCB_06(Delhi, Manali, Himachal Pradesh, Aug 09 2025, 12:40 PM, SUV)</a> <!-- method navigator-link -->
                      </span>
                      <br/>
                      <span>
                        <img src="failed.png" width="3%"/>
                        <a href="#" panel-name="suite-Suite" title="testCases.CabBookingPageTest" class="method navigator-link" hash-for-method="TC_OCB_07(Delhi, Manali, Himachal Pradesh, Aug 09 2025, 12:40 PM, SUV)">TC_OCB_07(Delhi, Manali, Himachal Pradesh, Aug 09 2025, 12:40 PM, SUV)</a> <!-- method navigator-link -->
                      </span>
                      <br/>
                      <span>
                        <img src="failed.png" width="3%"/>
                        <a href="#" panel-name="suite-Suite" title="testCases.CabBookingPageTest" class="method navigator-link" hash-for-method="TC_OCB_08(Delhi, Manali, Himachal Pradesh, Aug 09 2025, 12:40 PM, SUV)">TC_OCB_08(Delhi, Manali, Himachal Pradesh, Aug 09 2025, 12:40 PM, SUV)</a> <!-- method navigator-link -->
                      </span>
                      <br/>
                      <span>
                        <img src="failed.png" width="3%"/>
                        <a href="#" panel-name="suite-Suite" title="testCases.CabBookingPageTest" class="method navigator-link" hash-for-method="TC_OCB_09(Delhi, Manali, Himachal Pradesh, Aug 09 2025, 12:40 PM, SUV)">TC_OCB_09(Delhi, Manali, Himachal Pradesh, Aug 09 2025, 12:40 PM, SUV)</a> <!-- method navigator-link -->
                      </span>
                      <br/>
                      <span>
                        <img src="failed.png" width="3%"/>
                        <a href="#" panel-name="suite-Suite" title="testCases.CabBookingPageTest" class="method navigator-link" hash-for-method="TC_OCB_11(Delhi, Manali, Himachal Pradesh, Aug 09 2025, 12:40 PM, SUV)">TC_OCB_11(Delhi, Manali, Himachal Pradesh, Aug 09 2025, 12:40 PM, SUV)</a> <!-- method navigator-link -->
                      </span>
                      <br/>
                      <span>
                        <img src="failed.png" width="3%"/>
                        <a href="#" panel-name="suite-Suite" title="testCases.CabBookingPageTest" class="method navigator-link" hash-for-method="TC_OCB_12(Delhi, Manali, Himachal Pradesh, Aug 09 2025, 12:40 PM, SUV)">TC_OCB_12(Delhi, Manali, Himachal Pradesh, Aug 09 2025, 12:40 PM, SUV)</a> <!-- method navigator-link -->
                      </span>
                      <br/>
                      <span>
                        <img src="failed.png" width="3%"/>
                        <a href="#" panel-name="suite-Suite" title="testCases.CabBookingPageTest" class="method navigator-link" hash-for-method="TC_OCB_13(Delhi, Manali, Himachal Pradesh, Aug 09 2025, 12:40 PM, SUV)">TC_OCB_13(Delhi, Manali, Himachal Pradesh, Aug 09 2025, 12:40 PM, SUV)</a> <!-- method navigator-link -->
                      </span>
                      <br/>
                      <span>
                        <img src="failed.png" width="3%"/>
                        <a href="#" panel-name="suite-Suite" title="testCases.CabBookingPageTest" class="method navigator-link" hash-for-method="TC_OCB_14">TC_OCB_14</a> <!-- method navigator-link -->
                      </span>
                      <br/>
                      <span>
                        <img src="failed.png" width="3%"/>
                        <a href="#" panel-name="suite-Suite" title="testCases.CabBookingPageTest" class="method navigator-link" hash-for-method="TC_OCB_15(Delhi, Manali, Himachal Pradesh, Aug 09 2025, 12:40 PM, SUV)">TC_OCB_15(Delhi, Manali, Himachal Pradesh, Aug 09 2025, 12:40 PM, SUV)</a> <!-- method navigator-link -->
                      </span>
                      <br/>
                    </div> <!-- method-list-content failed suite-Suite -->
                  </li>
                  <li>
                    <span class="method-list-title passed">Passed methods</span>
                    <span class="show-or-hide-methods passed">
                      <a href="#" panel-name="suite-Suite" class="hide-methods passed suite-Suite"> (hide)</a> <!-- hide-methods passed suite-Suite -->
                      <a href="#" panel-name="suite-Suite" class="show-methods passed suite-Suite"> (show)</a> <!-- show-methods passed suite-Suite -->
                    </span>
                    <div class="method-list-content passed suite-Suite">
                      <span>
                        <img src="passed.png" width="3%"/>
                        <a href="#" panel-name="suite-Suite" title="testCases.CabBookingPageTest" class="method navigator-link" hash-for-method="TC_OCB_10(Delhi, Manali, Himachal Pradesh, Aug 09 2025, 12:40 PM, SUV)">TC_OCB_10(Delhi, Manali, Himachal Pradesh, Aug 09 2025, 12:40 PM, SUV)</a> <!-- method navigator-link -->
                      </span>
                      <br/>
                    </div> <!-- method-list-content passed suite-Suite -->
                  </li>
                </ul>
              </div> <!-- suite-section-content -->
            </div> <!-- result-section -->
          </div> <!-- navigator-suite-content -->
        </div> <!-- rounded-window -->
      </div> <!-- suite -->
    </div> <!-- navigator-root -->
    <div class="wrapper">
      <div class="main-panel-root">
        <div panel-name="suite-Suite" class="panel Suite">
          <div class="suite-Suite-class-failed">
            <div class="main-panel-header rounded-window-top">
              <img src="failed.png"/>
              <span class="class-name">testCases.HotelBookingTest</span>
            </div> <!-- main-panel-header rounded-window-top -->
            <div class="main-panel-content rounded-window-bottom">
              <div class="method">
                <div class="method-content">
                  <a name="TC_HB_01">
                  </a> <!-- TC_HB_01 -->
                  <span class="method-name">TC_HB_01</span>
                  <div class="stack-trace">java.lang.NullPointerException: Cannot invoke &quot;com.aventstack.extentreports.ExtentReports.createTest(String)&quot; because &quot;this.extent&quot; is null
	at testCases.HotelBookingTest.TC_HB_01(HotelBookingTest.java:34)
	at java.base/java.util.concurrent.Executors$RunnableAdapter.call(Executors.java:572)
	at java.base/java.util.concurrent.FutureTask.run(FutureTask.java:317)
	at java.base/java.util.concurrent.ThreadPoolExecutor.runWorker(ThreadPoolExecutor.java:1144)
	at java.base/java.util.concurrent.ThreadPoolExecutor$Worker.run(ThreadPoolExecutor.java:642)
	at java.base/java.lang.Thread.run(Thread.java:1583)
... Removed 11 stack frames
</div> <!-- stack-trace -->
                </div> <!-- method-content -->
              </div> <!-- method -->
              <div class="method">
                <div class="method-content">
                  <a name="TC_HB_02">
                  </a> <!-- TC_HB_02 -->
                  <span class="method-name">TC_HB_02</span>
                  <div class="stack-trace">java.lang.NullPointerException: Cannot invoke &quot;com.aventstack.extentreports.ExtentReports.createTest(String)&quot; because &quot;this.extent&quot; is null
	at testCases.HotelBookingTest.TC_HB_02(HotelBookingTest.java:59)
	at java.base/java.util.concurrent.Executors$RunnableAdapter.call(Executors.java:572)
	at java.base/java.util.concurrent.FutureTask.run(FutureTask.java:317)
	at java.base/java.util.concurrent.ThreadPoolExecutor.runWorker(ThreadPoolExecutor.java:1144)
	at java.base/java.util.concurrent.ThreadPoolExecutor$Worker.run(ThreadPoolExecutor.java:642)
	at java.base/java.lang.Thread.run(Thread.java:1583)
... Removed 11 stack frames
</div> <!-- stack-trace -->
                </div> <!-- method-content -->
              </div> <!-- method -->
              <div class="method">
                <div class="method-content">
                  <a name="TC_HB_03">
                  </a> <!-- TC_HB_03 -->
                  <span class="method-name">TC_HB_03</span>
                  <div class="stack-trace">java.lang.NullPointerException: Cannot invoke &quot;com.aventstack.extentreports.ExtentReports.createTest(String)&quot; because &quot;this.extent&quot; is null
	at testCases.HotelBookingTest.TC_HB_03(HotelBookingTest.java:91)
	at java.base/java.util.concurrent.Executors$RunnableAdapter.call(Executors.java:572)
	at java.base/java.util.concurrent.FutureTask.run(FutureTask.java:317)
	at java.base/java.util.concurrent.ThreadPoolExecutor.runWorker(ThreadPoolExecutor.java:1144)
	at java.base/java.util.concurrent.ThreadPoolExecutor$Worker.run(ThreadPoolExecutor.java:642)
	at java.base/java.lang.Thread.run(Thread.java:1583)
... Removed 11 stack frames
</div> <!-- stack-trace -->
                </div> <!-- method-content -->
              </div> <!-- method -->
              <div class="method">
                <div class="method-content">
                  <a name="TC_HB_04">
                  </a> <!-- TC_HB_04 -->
                  <span class="method-name">TC_HB_04</span>
                  <div class="stack-trace">java.lang.NullPointerException: Cannot invoke &quot;com.aventstack.extentreports.ExtentReports.createTest(String)&quot; because &quot;this.extent&quot; is null
	at testCases.HotelBookingTest.TC_HB_04(HotelBookingTest.java:104)
	at java.base/java.util.concurrent.Executors$RunnableAdapter.call(Executors.java:572)
	at java.base/java.util.concurrent.FutureTask.run(FutureTask.java:317)
	at java.base/java.util.concurrent.ThreadPoolExecutor.runWorker(ThreadPoolExecutor.java:1144)
	at java.base/java.util.concurrent.ThreadPoolExecutor$Worker.run(ThreadPoolExecutor.java:642)
	at java.base/java.lang.Thread.run(Thread.java:1583)
... Removed 11 stack frames
</div> <!-- stack-trace -->
                </div> <!-- method-content -->
              </div> <!-- method -->
              <div class="method">
                <div class="method-content">
                  <a name="TC_HB_05">
                  </a> <!-- TC_HB_05 -->
                  <span class="method-name">TC_HB_05</span>
                  <div class="stack-trace">java.lang.NullPointerException: Cannot invoke &quot;com.aventstack.extentreports.ExtentReports.createTest(String)&quot; because &quot;this.extent&quot; is null
	at testCases.HotelBookingTest.TC_HB_05(HotelBookingTest.java:118)
	at java.base/java.util.concurrent.Executors$RunnableAdapter.call(Executors.java:572)
	at java.base/java.util.concurrent.FutureTask.run(FutureTask.java:317)
	at java.base/java.util.concurrent.ThreadPoolExecutor.runWorker(ThreadPoolExecutor.java:1144)
	at java.base/java.util.concurrent.ThreadPoolExecutor$Worker.run(ThreadPoolExecutor.java:642)
	at java.base/java.lang.Thread.run(Thread.java:1583)
... Removed 11 stack frames
</div> <!-- stack-trace -->
                </div> <!-- method-content -->
              </div> <!-- method -->
            </div> <!-- main-panel-content rounded-window-bottom -->
          </div> <!-- suite-Suite-class-failed -->
          <div class="suite-Suite-class-failed">
            <div class="main-panel-header rounded-window-top">
              <img src="failed.png"/>
              <span class="class-name">testCases.CabBookingPageTest</span>
            </div> <!-- main-panel-header rounded-window-top -->
            <div class="main-panel-content rounded-window-bottom">
              <div class="method">
                <div class="method-content">
                  <a name="TC_OCB_01(Delhi, Manali, Himachal Pradesh, Aug 09 2025, 12:40 PM, SUV)">
                  </a> <!-- TC_OCB_01(Delhi, Manali, Himachal Pradesh, Aug 09 2025, 12:40 PM, SUV) -->
                  <span class="method-name">TC_OCB_01</span>
                  <span class="parameters">(Delhi,Manali, Himachal Pradesh,Aug 09 2025,12:40 PM,SUV)</span>
                  <div class="stack-trace">org.openqa.selenium.ElementClickInterceptedException: element click intercepted: Element &lt;li data-cy=&quot;outstationOneWay&quot; class=&quot;b2c_selected selectedText&quot;&gt;...&lt;/li&gt; is not clickable at point (134, 207). Other element would receive the click: &lt;div data-cy=&quot;OutstationOneWayWidget_52&quot; class=&quot;hsBackDrop&quot;&gt;&lt;/div&gt;
  (Session info: chrome=137.0.7151.69)
Build info: version: &apos;4.34.0&apos;, revision: &apos;707dcb4246*&apos;
System info: os.name: &apos;Windows 11&apos;, os.arch: &apos;amd64&apos;, os.version: &apos;10.0&apos;, java.version: &apos;21.0.6&apos;
Driver info: org.openqa.selenium.chrome.ChromeDriver
Command: [af68ccbea0f104b2d55745d20b715d4d, clickElement {id=f.D0ABB7A32768BD08A603E5E619443D41.d.68BE82D37F068DE614F99C950C52CD9A.e.325}]
Capabilities {acceptInsecureCerts: false, browserName: chrome, browserVersion: 137.0.7151.69, chrome: {chromedriverVersion: 137.0.7151.119 (e0ac9d12dff..., userDataDir: C:\Users\2406720\AppData\Lo...}, fedcm:accounts: true, goog:chromeOptions: {debuggerAddress: localhost:63016}, networkConnectionEnabled: false, pageLoadStrategy: normal, platformName: windows, proxy: Proxy(), se:cdp: ws://localhost:63016/devtoo..., se:cdpVersion: 137.0.7151.69, setWindowRect: true, strictFileInteractability: false, timeouts: {implicit: 0, pageLoad: 300000, script: 30000}, unhandledPromptBehavior: dismiss and notify, webauthn:extension:credBlob: true, webauthn:extension:largeBlob: true, webauthn:extension:minPinLength: true, webauthn:extension:prf: true, webauthn:virtualAuthenticators: true}
Element: [[ChromeDriver: chrome on windows (af68ccbea0f104b2d55745d20b715d4d)] -&gt; xpath: //li[text()=&apos;Outstation One-Way&apos;]]
Session ID: af68ccbea0f104b2d55745d20b715d4d
	at org.openqa.selenium.remote.ErrorCodec.decode(ErrorCodec.java:167)
	at org.openqa.selenium.remote.codec.w3c.W3CHttpResponseCodec.decode(W3CHttpResponseCodec.java:138)
	at org.openqa.selenium.remote.codec.w3c.W3CHttpResponseCodec.decode(W3CHttpResponseCodec.java:50)
	at org.openqa.selenium.remote.HttpCommandExecutor.execute(HttpCommandExecutor.java:215)
	at org.openqa.selenium.remote.service.DriverCommandExecutor.invokeExecute(DriverCommandExecutor.java:216)
	at org.openqa.selenium.remote.service.DriverCommandExecutor.execute(DriverCommandExecutor.java:174)
	at org.openqa.selenium.remote.RemoteWebDriver.execute(RemoteWebDriver.java:544)
	at org.openqa.selenium.remote.RemoteWebElement.execute(RemoteWebElement.java:223)
	at org.openqa.selenium.remote.RemoteWebElement.click(RemoteWebElement.java:76)
	at org.openqa.selenium.support.pagefactory.internal.LocatingElementHandler.invoke(LocatingElementHandler.java:51)
	at jdk.proxy2/jdk.proxy2.$Proxy19.click(Unknown Source)
	at pages.CabBookingPage.selectTripType(CabBookingPage.java:78)
	at testCases.CabBookingPageTest.TC_OCB_01(CabBookingPageTest.java:37)
	at java.base/java.util.concurrent.Executors$RunnableAdapter.call(Executors.java:572)
	at java.base/java.util.concurrent.FutureTask.run(FutureTask.java:317)
	at java.base/java.util.concurrent.ThreadPoolExecutor.runWorker(ThreadPoolExecutor.java:1144)
	at java.base/java.util.concurrent.ThreadPoolExecutor$Worker.run(ThreadPoolExecutor.java:642)
	at java.base/java.lang.Thread.run(Thread.java:1583)
... Removed 16 stack frames
</div> <!-- stack-trace -->
                  <em>
(To verify successful One-Way SUV cab search from Delhi to Manali with valid future date and time.)                  </em>
                </div> <!-- method-content -->
              </div> <!-- method -->
              <div class="method">
                <div class="method-content">
                  <a name="TC_OCB_02(Delhi, Manali, Himachal Pradesh, Aug 09 2025, 12:40 PM, SUV)">
                  </a> <!-- TC_OCB_02(Delhi, Manali, Himachal Pradesh, Aug 09 2025, 12:40 PM, SUV) -->
                  <span class="method-name">TC_OCB_02</span>
                  <span class="parameters">(Delhi,Manali, Himachal Pradesh,Aug 09 2025,12:40 PM,SUV)</span>
                  <div class="stack-trace">org.openqa.selenium.ElementClickInterceptedException: element click intercepted: Element &lt;li data-cy=&quot;outstationOneWay&quot; class=&quot;b2c_selected selectedText&quot;&gt;...&lt;/li&gt; is not clickable at point (134, 207). Other element would receive the click: &lt;div data-cy=&quot;OutstationOneWayWidget_52&quot; class=&quot;hsBackDrop&quot;&gt;&lt;/div&gt;
  (Session info: chrome=137.0.7151.69)
Build info: version: &apos;4.34.0&apos;, revision: &apos;707dcb4246*&apos;
System info: os.name: &apos;Windows 11&apos;, os.arch: &apos;amd64&apos;, os.version: &apos;10.0&apos;, java.version: &apos;21.0.6&apos;
Driver info: org.openqa.selenium.chrome.ChromeDriver
Command: [af68ccbea0f104b2d55745d20b715d4d, clickElement {id=f.D0ABB7A32768BD08A603E5E619443D41.d.24AC56F75D4ED6E8FF9ED757FEF5F00A.e.379}]
Capabilities {acceptInsecureCerts: false, browserName: chrome, browserVersion: 137.0.7151.69, chrome: {chromedriverVersion: 137.0.7151.119 (e0ac9d12dff..., userDataDir: C:\Users\2406720\AppData\Lo...}, fedcm:accounts: true, goog:chromeOptions: {debuggerAddress: localhost:63016}, networkConnectionEnabled: false, pageLoadStrategy: normal, platformName: windows, proxy: Proxy(), se:cdp: ws://localhost:63016/devtoo..., se:cdpVersion: 137.0.7151.69, setWindowRect: true, strictFileInteractability: false, timeouts: {implicit: 0, pageLoad: 300000, script: 30000}, unhandledPromptBehavior: dismiss and notify, webauthn:extension:credBlob: true, webauthn:extension:largeBlob: true, webauthn:extension:minPinLength: true, webauthn:extension:prf: true, webauthn:virtualAuthenticators: true}
Element: [[ChromeDriver: chrome on windows (af68ccbea0f104b2d55745d20b715d4d)] -&gt; xpath: //li[text()=&apos;Outstation One-Way&apos;]]
Session ID: af68ccbea0f104b2d55745d20b715d4d
	at org.openqa.selenium.remote.ErrorCodec.decode(ErrorCodec.java:167)
	at org.openqa.selenium.remote.codec.w3c.W3CHttpResponseCodec.decode(W3CHttpResponseCodec.java:138)
	at org.openqa.selenium.remote.codec.w3c.W3CHttpResponseCodec.decode(W3CHttpResponseCodec.java:50)
	at org.openqa.selenium.remote.HttpCommandExecutor.execute(HttpCommandExecutor.java:215)
	at org.openqa.selenium.remote.service.DriverCommandExecutor.invokeExecute(DriverCommandExecutor.java:216)
	at org.openqa.selenium.remote.service.DriverCommandExecutor.execute(DriverCommandExecutor.java:174)
	at org.openqa.selenium.remote.RemoteWebDriver.execute(RemoteWebDriver.java:544)
	at org.openqa.selenium.remote.RemoteWebElement.execute(RemoteWebElement.java:223)
	at org.openqa.selenium.remote.RemoteWebElement.click(RemoteWebElement.java:76)
	at org.openqa.selenium.support.pagefactory.internal.LocatingElementHandler.invoke(LocatingElementHandler.java:51)
	at jdk.proxy2/jdk.proxy2.$Proxy19.click(Unknown Source)
	at pages.CabBookingPage.selectTripType(CabBookingPage.java:78)
	at testCases.CabBookingPageTest.TC_OCB_02(CabBookingPageTest.java:64)
	at java.base/java.util.concurrent.Executors$RunnableAdapter.call(Executors.java:572)
	at java.base/java.util.concurrent.FutureTask.run(FutureTask.java:317)
	at java.base/java.util.concurrent.ThreadPoolExecutor.runWorker(ThreadPoolExecutor.java:1144)
	at java.base/java.util.concurrent.ThreadPoolExecutor$Worker.run(ThreadPoolExecutor.java:642)
	at java.base/java.lang.Thread.run(Thread.java:1583)
... Removed 16 stack frames
</div> <!-- stack-trace -->
                  <em>
(To verify that only SUV cab type filter is applied and results are displayed accordingly.)                  </em>
                </div> <!-- method-content -->
              </div> <!-- method -->
              <div class="method">
                <div class="method-content">
                  <a name="TC_OCB_03(Delhi, Manali, Himachal Pradesh, Aug 09 2025, 12:40 PM, SUV)">
                  </a> <!-- TC_OCB_03(Delhi, Manali, Himachal Pradesh, Aug 09 2025, 12:40 PM, SUV) -->
                  <span class="method-name">TC_OCB_03</span>
                  <span class="parameters">(Delhi,Manali, Himachal Pradesh,Aug 09 2025,12:40 PM,SUV)</span>
                  <div class="stack-trace">org.openqa.selenium.ElementClickInterceptedException: element click intercepted: Element &lt;li data-cy=&quot;outstationOneWay&quot; class=&quot;b2c_selected selectedText&quot;&gt;...&lt;/li&gt; is not clickable at point (134, 207). Other element would receive the click: &lt;div data-cy=&quot;OutstationOneWayWidget_52&quot; class=&quot;hsBackDrop&quot;&gt;&lt;/div&gt;
  (Session info: chrome=137.0.7151.69)
Build info: version: &apos;4.34.0&apos;, revision: &apos;707dcb4246*&apos;
System info: os.name: &apos;Windows 11&apos;, os.arch: &apos;amd64&apos;, os.version: &apos;10.0&apos;, java.version: &apos;21.0.6&apos;
Driver info: org.openqa.selenium.chrome.ChromeDriver
Command: [af68ccbea0f104b2d55745d20b715d4d, clickElement {id=f.D0ABB7A32768BD08A603E5E619443D41.d.CE9C7DF857F57594138BAB61145B7D2B.e.436}]
Capabilities {acceptInsecureCerts: false, browserName: chrome, browserVersion: 137.0.7151.69, chrome: {chromedriverVersion: 137.0.7151.119 (e0ac9d12dff..., userDataDir: C:\Users\2406720\AppData\Lo...}, fedcm:accounts: true, goog:chromeOptions: {debuggerAddress: localhost:63016}, networkConnectionEnabled: false, pageLoadStrategy: normal, platformName: windows, proxy: Proxy(), se:cdp: ws://localhost:63016/devtoo..., se:cdpVersion: 137.0.7151.69, setWindowRect: true, strictFileInteractability: false, timeouts: {implicit: 0, pageLoad: 300000, script: 30000}, unhandledPromptBehavior: dismiss and notify, webauthn:extension:credBlob: true, webauthn:extension:largeBlob: true, webauthn:extension:minPinLength: true, webauthn:extension:prf: true, webauthn:virtualAuthenticators: true}
Element: [[ChromeDriver: chrome on windows (af68ccbea0f104b2d55745d20b715d4d)] -&gt; xpath: //li[text()=&apos;Outstation One-Way&apos;]]
Session ID: af68ccbea0f104b2d55745d20b715d4d
	at org.openqa.selenium.remote.ErrorCodec.decode(ErrorCodec.java:167)
	at org.openqa.selenium.remote.codec.w3c.W3CHttpResponseCodec.decode(W3CHttpResponseCodec.java:138)
	at org.openqa.selenium.remote.codec.w3c.W3CHttpResponseCodec.decode(W3CHttpResponseCodec.java:50)
	at org.openqa.selenium.remote.HttpCommandExecutor.execute(HttpCommandExecutor.java:215)
	at org.openqa.selenium.remote.service.DriverCommandExecutor.invokeExecute(DriverCommandExecutor.java:216)
	at org.openqa.selenium.remote.service.DriverCommandExecutor.execute(DriverCommandExecutor.java:174)
	at org.openqa.selenium.remote.RemoteWebDriver.execute(RemoteWebDriver.java:544)
	at org.openqa.selenium.remote.RemoteWebElement.execute(RemoteWebElement.java:223)
	at org.openqa.selenium.remote.RemoteWebElement.click(RemoteWebElement.java:76)
	at org.openqa.selenium.support.pagefactory.internal.LocatingElementHandler.invoke(LocatingElementHandler.java:51)
	at jdk.proxy2/jdk.proxy2.$Proxy19.click(Unknown Source)
	at pages.CabBookingPage.selectTripType(CabBookingPage.java:78)
	at testCases.CabBookingPageTest.TC_OCB_03(CabBookingPageTest.java:96)
	at java.base/java.util.concurrent.Executors$RunnableAdapter.call(Executors.java:572)
	at java.base/java.util.concurrent.FutureTask.run(FutureTask.java:317)
	at java.base/java.util.concurrent.ThreadPoolExecutor.runWorker(ThreadPoolExecutor.java:1144)
	at java.base/java.util.concurrent.ThreadPoolExecutor$Worker.run(ThreadPoolExecutor.java:642)
	at java.base/java.lang.Thread.run(Thread.java:1583)
... Removed 16 stack frames
</div> <!-- stack-trace -->
                  <em>
(To verify that the selected "From" location is reflected in search results.)                  </em>
                </div> <!-- method-content -->
              </div> <!-- method -->
              <div class="method">
                <div class="method-content">
                  <a name="TC_OCB_04(Delhi, Manali, Himachal Pradesh, Aug 09 2025, 12:40 PM, SUV)">
                  </a> <!-- TC_OCB_04(Delhi, Manali, Himachal Pradesh, Aug 09 2025, 12:40 PM, SUV) -->
                  <span class="method-name">TC_OCB_04</span>
                  <span class="parameters">(Delhi,Manali, Himachal Pradesh,Aug 09 2025,12:40 PM,SUV)</span>
                  <div class="stack-trace">org.openqa.selenium.ElementClickInterceptedException: element click intercepted: Element &lt;li data-cy=&quot;outstationOneWay&quot; class=&quot;b2c_selected selectedText&quot;&gt;...&lt;/li&gt; is not clickable at point (134, 207). Other element would receive the click: &lt;div data-cy=&quot;OutstationOneWayWidget_52&quot; class=&quot;hsBackDrop&quot;&gt;&lt;/div&gt;
  (Session info: chrome=137.0.7151.69)
Build info: version: &apos;4.34.0&apos;, revision: &apos;707dcb4246*&apos;
System info: os.name: &apos;Windows 11&apos;, os.arch: &apos;amd64&apos;, os.version: &apos;10.0&apos;, java.version: &apos;21.0.6&apos;
Driver info: org.openqa.selenium.chrome.ChromeDriver
Command: [af68ccbea0f104b2d55745d20b715d4d, clickElement {id=f.D0ABB7A32768BD08A603E5E619443D41.d.C78C9FA49FB66F760EB165BEAE7FEFCF.e.507}]
Capabilities {acceptInsecureCerts: false, browserName: chrome, browserVersion: 137.0.7151.69, chrome: {chromedriverVersion: 137.0.7151.119 (e0ac9d12dff..., userDataDir: C:\Users\2406720\AppData\Lo...}, fedcm:accounts: true, goog:chromeOptions: {debuggerAddress: localhost:63016}, networkConnectionEnabled: false, pageLoadStrategy: normal, platformName: windows, proxy: Proxy(), se:cdp: ws://localhost:63016/devtoo..., se:cdpVersion: 137.0.7151.69, setWindowRect: true, strictFileInteractability: false, timeouts: {implicit: 0, pageLoad: 300000, script: 30000}, unhandledPromptBehavior: dismiss and notify, webauthn:extension:credBlob: true, webauthn:extension:largeBlob: true, webauthn:extension:minPinLength: true, webauthn:extension:prf: true, webauthn:virtualAuthenticators: true}
Element: [[ChromeDriver: chrome on windows (af68ccbea0f104b2d55745d20b715d4d)] -&gt; xpath: //li[text()=&apos;Outstation One-Way&apos;]]
Session ID: af68ccbea0f104b2d55745d20b715d4d
	at org.openqa.selenium.remote.ErrorCodec.decode(ErrorCodec.java:167)
	at org.openqa.selenium.remote.codec.w3c.W3CHttpResponseCodec.decode(W3CHttpResponseCodec.java:138)
	at org.openqa.selenium.remote.codec.w3c.W3CHttpResponseCodec.decode(W3CHttpResponseCodec.java:50)
	at org.openqa.selenium.remote.HttpCommandExecutor.execute(HttpCommandExecutor.java:215)
	at org.openqa.selenium.remote.service.DriverCommandExecutor.invokeExecute(DriverCommandExecutor.java:216)
	at org.openqa.selenium.remote.service.DriverCommandExecutor.execute(DriverCommandExecutor.java:174)
	at org.openqa.selenium.remote.RemoteWebDriver.execute(RemoteWebDriver.java:544)
	at org.openqa.selenium.remote.RemoteWebElement.execute(RemoteWebElement.java:223)
	at org.openqa.selenium.remote.RemoteWebElement.click(RemoteWebElement.java:76)
	at org.openqa.selenium.support.pagefactory.internal.LocatingElementHandler.invoke(LocatingElementHandler.java:51)
	at jdk.proxy2/jdk.proxy2.$Proxy19.click(Unknown Source)
	at pages.CabBookingPage.selectTripType(CabBookingPage.java:78)
	at testCases.CabBookingPageTest.TC_OCB_04(CabBookingPageTest.java:123)
	at java.base/java.util.concurrent.Executors$RunnableAdapter.call(Executors.java:572)
	at java.base/java.util.concurrent.FutureTask.run(FutureTask.java:317)
	at java.base/java.util.concurrent.ThreadPoolExecutor.runWorker(ThreadPoolExecutor.java:1144)
	at java.base/java.util.concurrent.ThreadPoolExecutor$Worker.run(ThreadPoolExecutor.java:642)
	at java.base/java.lang.Thread.run(Thread.java:1583)
... Removed 16 stack frames
</div> <!-- stack-trace -->
                  <em>
(To verify that the selected "To" location is reflected in search results.)                  </em>
                </div> <!-- method-content -->
              </div> <!-- method -->
              <div class="method">
                <div class="method-content">
                  <a name="TC_OCB_05(Delhi, Manali, Himachal Pradesh, Aug 09 2025, 12:40 PM, SUV)">
                  </a> <!-- TC_OCB_05(Delhi, Manali, Himachal Pradesh, Aug 09 2025, 12:40 PM, SUV) -->
                  <span class="method-name">TC_OCB_05</span>
                  <span class="parameters">(Delhi,Manali, Himachal Pradesh,Aug 09 2025,12:40 PM,SUV)</span>
                  <div class="stack-trace">org.openqa.selenium.ElementClickInterceptedException: element click intercepted: Element &lt;li data-cy=&quot;outstationOneWay&quot; class=&quot;b2c_selected selectedText&quot;&gt;...&lt;/li&gt; is not clickable at point (134, 207). Other element would receive the click: &lt;div data-cy=&quot;OutstationOneWayWidget_52&quot; class=&quot;hsBackDrop&quot;&gt;&lt;/div&gt;
  (Session info: chrome=137.0.7151.69)
Build info: version: &apos;4.34.0&apos;, revision: &apos;707dcb4246*&apos;
System info: os.name: &apos;Windows 11&apos;, os.arch: &apos;amd64&apos;, os.version: &apos;10.0&apos;, java.version: &apos;21.0.6&apos;
Driver info: org.openqa.selenium.chrome.ChromeDriver
Command: [af68ccbea0f104b2d55745d20b715d4d, clickElement {id=f.D0ABB7A32768BD08A603E5E619443D41.d.D7C395BF76AD53922B6A222435FA1D5D.e.560}]
Capabilities {acceptInsecureCerts: false, browserName: chrome, browserVersion: 137.0.7151.69, chrome: {chromedriverVersion: 137.0.7151.119 (e0ac9d12dff..., userDataDir: C:\Users\2406720\AppData\Lo...}, fedcm:accounts: true, goog:chromeOptions: {debuggerAddress: localhost:63016}, networkConnectionEnabled: false, pageLoadStrategy: normal, platformName: windows, proxy: Proxy(), se:cdp: ws://localhost:63016/devtoo..., se:cdpVersion: 137.0.7151.69, setWindowRect: true, strictFileInteractability: false, timeouts: {implicit: 0, pageLoad: 300000, script: 30000}, unhandledPromptBehavior: dismiss and notify, webauthn:extension:credBlob: true, webauthn:extension:largeBlob: true, webauthn:extension:minPinLength: true, webauthn:extension:prf: true, webauthn:virtualAuthenticators: true}
Element: [[ChromeDriver: chrome on windows (af68ccbea0f104b2d55745d20b715d4d)] -&gt; xpath: //li[text()=&apos;Outstation One-Way&apos;]]
Session ID: af68ccbea0f104b2d55745d20b715d4d
	at org.openqa.selenium.remote.ErrorCodec.decode(ErrorCodec.java:167)
	at org.openqa.selenium.remote.codec.w3c.W3CHttpResponseCodec.decode(W3CHttpResponseCodec.java:138)
	at org.openqa.selenium.remote.codec.w3c.W3CHttpResponseCodec.decode(W3CHttpResponseCodec.java:50)
	at org.openqa.selenium.remote.HttpCommandExecutor.execute(HttpCommandExecutor.java:215)
	at org.openqa.selenium.remote.service.DriverCommandExecutor.invokeExecute(DriverCommandExecutor.java:216)
	at org.openqa.selenium.remote.service.DriverCommandExecutor.execute(DriverCommandExecutor.java:174)
	at org.openqa.selenium.remote.RemoteWebDriver.execute(RemoteWebDriver.java:544)
	at org.openqa.selenium.remote.RemoteWebElement.execute(RemoteWebElement.java:223)
	at org.openqa.selenium.remote.RemoteWebElement.click(RemoteWebElement.java:76)
	at org.openqa.selenium.support.pagefactory.internal.LocatingElementHandler.invoke(LocatingElementHandler.java:51)
	at jdk.proxy2/jdk.proxy2.$Proxy19.click(Unknown Source)
	at pages.CabBookingPage.selectTripType(CabBookingPage.java:78)
	at testCases.CabBookingPageTest.TC_OCB_05(CabBookingPageTest.java:151)
	at java.base/java.util.concurrent.Executors$RunnableAdapter.call(Executors.java:572)
	at java.base/java.util.concurrent.FutureTask.run(FutureTask.java:317)
	at java.base/java.util.concurrent.ThreadPoolExecutor.runWorker(ThreadPoolExecutor.java:1144)
	at java.base/java.util.concurrent.ThreadPoolExecutor$Worker.run(ThreadPoolExecutor.java:642)
	at java.base/java.lang.Thread.run(Thread.java:1583)
... Removed 16 stack frames
</div> <!-- stack-trace -->
                  <em>
(To verify that the selected "Departure Date" is reflected in search results.)                  </em>
                </div> <!-- method-content -->
              </div> <!-- method -->
              <div class="method">
                <div class="method-content">
                  <a name="TC_OCB_06(Delhi, Manali, Himachal Pradesh, Aug 09 2025, 12:40 PM, SUV)">
                  </a> <!-- TC_OCB_06(Delhi, Manali, Himachal Pradesh, Aug 09 2025, 12:40 PM, SUV) -->
                  <span class="method-name">TC_OCB_06</span>
                  <span class="parameters">(Delhi,Manali, Himachal Pradesh,Aug 09 2025,12:40 PM,SUV)</span>
                  <div class="stack-trace">org.openqa.selenium.ElementClickInterceptedException: element click intercepted: Element &lt;li data-cy=&quot;outstationOneWay&quot; class=&quot;b2c_selected selectedText&quot;&gt;...&lt;/li&gt; is not clickable at point (134, 207). Other element would receive the click: &lt;div data-cy=&quot;OutstationOneWayWidget_52&quot; class=&quot;hsBackDrop&quot;&gt;&lt;/div&gt;
  (Session info: chrome=137.0.7151.69)
Build info: version: &apos;4.34.0&apos;, revision: &apos;707dcb4246*&apos;
System info: os.name: &apos;Windows 11&apos;, os.arch: &apos;amd64&apos;, os.version: &apos;10.0&apos;, java.version: &apos;21.0.6&apos;
Driver info: org.openqa.selenium.chrome.ChromeDriver
Command: [af68ccbea0f104b2d55745d20b715d4d, clickElement {id=f.D0ABB7A32768BD08A603E5E619443D41.d.1F8742E69EBDAF6C5CC971B087CB1C1D.e.619}]
Capabilities {acceptInsecureCerts: false, browserName: chrome, browserVersion: 137.0.7151.69, chrome: {chromedriverVersion: 137.0.7151.119 (e0ac9d12dff..., userDataDir: C:\Users\2406720\AppData\Lo...}, fedcm:accounts: true, goog:chromeOptions: {debuggerAddress: localhost:63016}, networkConnectionEnabled: false, pageLoadStrategy: normal, platformName: windows, proxy: Proxy(), se:cdp: ws://localhost:63016/devtoo..., se:cdpVersion: 137.0.7151.69, setWindowRect: true, strictFileInteractability: false, timeouts: {implicit: 0, pageLoad: 300000, script: 30000}, unhandledPromptBehavior: dismiss and notify, webauthn:extension:credBlob: true, webauthn:extension:largeBlob: true, webauthn:extension:minPinLength: true, webauthn:extension:prf: true, webauthn:virtualAuthenticators: true}
Element: [[ChromeDriver: chrome on windows (af68ccbea0f104b2d55745d20b715d4d)] -&gt; xpath: //li[text()=&apos;Outstation One-Way&apos;]]
Session ID: af68ccbea0f104b2d55745d20b715d4d
	at org.openqa.selenium.remote.ErrorCodec.decode(ErrorCodec.java:167)
	at org.openqa.selenium.remote.codec.w3c.W3CHttpResponseCodec.decode(W3CHttpResponseCodec.java:138)
	at org.openqa.selenium.remote.codec.w3c.W3CHttpResponseCodec.decode(W3CHttpResponseCodec.java:50)
	at org.openqa.selenium.remote.HttpCommandExecutor.execute(HttpCommandExecutor.java:215)
	at org.openqa.selenium.remote.service.DriverCommandExecutor.invokeExecute(DriverCommandExecutor.java:216)
	at org.openqa.selenium.remote.service.DriverCommandExecutor.execute(DriverCommandExecutor.java:174)
	at org.openqa.selenium.remote.RemoteWebDriver.execute(RemoteWebDriver.java:544)
	at org.openqa.selenium.remote.RemoteWebElement.execute(RemoteWebElement.java:223)
	at org.openqa.selenium.remote.RemoteWebElement.click(RemoteWebElement.java:76)
	at org.openqa.selenium.support.pagefactory.internal.LocatingElementHandler.invoke(LocatingElementHandler.java:51)
	at jdk.proxy2/jdk.proxy2.$Proxy19.click(Unknown Source)
	at pages.CabBookingPage.selectTripType(CabBookingPage.java:78)
	at testCases.CabBookingPageTest.TC_OCB_06(CabBookingPageTest.java:184)
	at java.base/java.util.concurrent.Executors$RunnableAdapter.call(Executors.java:572)
	at java.base/java.util.concurrent.FutureTask.run(FutureTask.java:317)
	at java.base/java.util.concurrent.ThreadPoolExecutor.runWorker(ThreadPoolExecutor.java:1144)
	at java.base/java.util.concurrent.ThreadPoolExecutor$Worker.run(ThreadPoolExecutor.java:642)
	at java.base/java.lang.Thread.run(Thread.java:1583)
... Removed 16 stack frames
</div> <!-- stack-trace -->
                  <em>
(To verify that the selected "Pickup Time" is reflected in search results.)                  </em>
                </div> <!-- method-content -->
              </div> <!-- method -->
              <div class="method">
                <div class="method-content">
                  <a name="TC_OCB_07(Delhi, Manali, Himachal Pradesh, Aug 09 2025, 12:40 PM, SUV)">
                  </a> <!-- TC_OCB_07(Delhi, Manali, Himachal Pradesh, Aug 09 2025, 12:40 PM, SUV) -->
                  <span class="method-name">TC_OCB_07</span>
                  <span class="parameters">(Delhi,Manali, Himachal Pradesh,Aug 09 2025,12:40 PM,SUV)</span>
                  <div class="stack-trace">org.openqa.selenium.ElementClickInterceptedException: element click intercepted: Element &lt;li data-cy=&quot;outstationOneWay&quot; class=&quot;b2c_selected selectedText&quot;&gt;...&lt;/li&gt; is not clickable at point (134, 207). Other element would receive the click: &lt;div data-cy=&quot;OutstationOneWayWidget_52&quot; class=&quot;hsBackDrop&quot;&gt;&lt;/div&gt;
  (Session info: chrome=137.0.7151.69)
Build info: version: &apos;4.34.0&apos;, revision: &apos;707dcb4246*&apos;
System info: os.name: &apos;Windows 11&apos;, os.arch: &apos;amd64&apos;, os.version: &apos;10.0&apos;, java.version: &apos;21.0.6&apos;
Driver info: org.openqa.selenium.chrome.ChromeDriver
Command: [af68ccbea0f104b2d55745d20b715d4d, clickElement {id=f.D0ABB7A32768BD08A603E5E619443D41.d.CEF3DA3DABDEEB5B65EF725E151231C0.e.680}]
Capabilities {acceptInsecureCerts: false, browserName: chrome, browserVersion: 137.0.7151.69, chrome: {chromedriverVersion: 137.0.7151.119 (e0ac9d12dff..., userDataDir: C:\Users\2406720\AppData\Lo...}, fedcm:accounts: true, goog:chromeOptions: {debuggerAddress: localhost:63016}, networkConnectionEnabled: false, pageLoadStrategy: normal, platformName: windows, proxy: Proxy(), se:cdp: ws://localhost:63016/devtoo..., se:cdpVersion: 137.0.7151.69, setWindowRect: true, strictFileInteractability: false, timeouts: {implicit: 0, pageLoad: 300000, script: 30000}, unhandledPromptBehavior: dismiss and notify, webauthn:extension:credBlob: true, webauthn:extension:largeBlob: true, webauthn:extension:minPinLength: true, webauthn:extension:prf: true, webauthn:virtualAuthenticators: true}
Element: [[ChromeDriver: chrome on windows (af68ccbea0f104b2d55745d20b715d4d)] -&gt; xpath: //li[text()=&apos;Outstation One-Way&apos;]]
Session ID: af68ccbea0f104b2d55745d20b715d4d
	at org.openqa.selenium.remote.ErrorCodec.decode(ErrorCodec.java:167)
	at org.openqa.selenium.remote.codec.w3c.W3CHttpResponseCodec.decode(W3CHttpResponseCodec.java:138)
	at org.openqa.selenium.remote.codec.w3c.W3CHttpResponseCodec.decode(W3CHttpResponseCodec.java:50)
	at org.openqa.selenium.remote.HttpCommandExecutor.execute(HttpCommandExecutor.java:215)
	at org.openqa.selenium.remote.service.DriverCommandExecutor.invokeExecute(DriverCommandExecutor.java:216)
	at org.openqa.selenium.remote.service.DriverCommandExecutor.execute(DriverCommandExecutor.java:174)
	at org.openqa.selenium.remote.RemoteWebDriver.execute(RemoteWebDriver.java:544)
	at org.openqa.selenium.remote.RemoteWebElement.execute(RemoteWebElement.java:223)
	at org.openqa.selenium.remote.RemoteWebElement.click(RemoteWebElement.java:76)
	at org.openqa.selenium.support.pagefactory.internal.LocatingElementHandler.invoke(LocatingElementHandler.java:51)
	at jdk.proxy2/jdk.proxy2.$Proxy19.click(Unknown Source)
	at pages.CabBookingPage.selectTripType(CabBookingPage.java:78)
	at testCases.CabBookingPageTest.TC_OCB_07(CabBookingPageTest.java:211)
	at java.base/java.util.concurrent.Executors$RunnableAdapter.call(Executors.java:572)
	at java.base/java.util.concurrent.FutureTask.run(FutureTask.java:317)
	at java.base/java.util.concurrent.ThreadPoolExecutor.runWorker(ThreadPoolExecutor.java:1144)
	at java.base/java.util.concurrent.ThreadPoolExecutor$Worker.run(ThreadPoolExecutor.java:642)
	at java.base/java.lang.Thread.run(Thread.java:1583)
... Removed 16 stack frames
</div> <!-- stack-trace -->
                  <em>
(To verify Clear All functionality of filters.)                  </em>
                </div> <!-- method-content -->
              </div> <!-- method -->
              <div class="method">
                <div class="method-content">
                  <a name="TC_OCB_08(Delhi, Manali, Himachal Pradesh, Aug 09 2025, 12:40 PM, SUV)">
                  </a> <!-- TC_OCB_08(Delhi, Manali, Himachal Pradesh, Aug 09 2025, 12:40 PM, SUV) -->
                  <span class="method-name">TC_OCB_08</span>
                  <span class="parameters">(Delhi,Manali, Himachal Pradesh,Aug 09 2025,12:40 PM,SUV)</span>
                  <div class="stack-trace">org.openqa.selenium.ElementClickInterceptedException: element click intercepted: Element &lt;li data-cy=&quot;outstationOneWay&quot; class=&quot;b2c_selected selectedText&quot;&gt;...&lt;/li&gt; is not clickable at point (134, 207). Other element would receive the click: &lt;div data-cy=&quot;OutstationOneWayWidget_52&quot; class=&quot;hsBackDrop&quot;&gt;&lt;/div&gt;
  (Session info: chrome=137.0.7151.69)
Build info: version: &apos;4.34.0&apos;, revision: &apos;707dcb4246*&apos;
System info: os.name: &apos;Windows 11&apos;, os.arch: &apos;amd64&apos;, os.version: &apos;10.0&apos;, java.version: &apos;21.0.6&apos;
Driver info: org.openqa.selenium.chrome.ChromeDriver
Command: [af68ccbea0f104b2d55745d20b715d4d, clickElement {id=f.D0ABB7A32768BD08A603E5E619443D41.d.621AAF1EB8373371740680966DACB927.e.734}]
Capabilities {acceptInsecureCerts: false, browserName: chrome, browserVersion: 137.0.7151.69, chrome: {chromedriverVersion: 137.0.7151.119 (e0ac9d12dff..., userDataDir: C:\Users\2406720\AppData\Lo...}, fedcm:accounts: true, goog:chromeOptions: {debuggerAddress: localhost:63016}, networkConnectionEnabled: false, pageLoadStrategy: normal, platformName: windows, proxy: Proxy(), se:cdp: ws://localhost:63016/devtoo..., se:cdpVersion: 137.0.7151.69, setWindowRect: true, strictFileInteractability: false, timeouts: {implicit: 0, pageLoad: 300000, script: 30000}, unhandledPromptBehavior: dismiss and notify, webauthn:extension:credBlob: true, webauthn:extension:largeBlob: true, webauthn:extension:minPinLength: true, webauthn:extension:prf: true, webauthn:virtualAuthenticators: true}
Element: [[ChromeDriver: chrome on windows (af68ccbea0f104b2d55745d20b715d4d)] -&gt; xpath: //li[text()=&apos;Outstation One-Way&apos;]]
Session ID: af68ccbea0f104b2d55745d20b715d4d
	at org.openqa.selenium.remote.ErrorCodec.decode(ErrorCodec.java:167)
	at org.openqa.selenium.remote.codec.w3c.W3CHttpResponseCodec.decode(W3CHttpResponseCodec.java:138)
	at org.openqa.selenium.remote.codec.w3c.W3CHttpResponseCodec.decode(W3CHttpResponseCodec.java:50)
	at org.openqa.selenium.remote.HttpCommandExecutor.execute(HttpCommandExecutor.java:215)
	at org.openqa.selenium.remote.service.DriverCommandExecutor.invokeExecute(DriverCommandExecutor.java:216)
	at org.openqa.selenium.remote.service.DriverCommandExecutor.execute(DriverCommandExecutor.java:174)
	at org.openqa.selenium.remote.RemoteWebDriver.execute(RemoteWebDriver.java:544)
	at org.openqa.selenium.remote.RemoteWebElement.execute(RemoteWebElement.java:223)
	at org.openqa.selenium.remote.RemoteWebElement.click(RemoteWebElement.java:76)
	at org.openqa.selenium.support.pagefactory.internal.LocatingElementHandler.invoke(LocatingElementHandler.java:51)
	at jdk.proxy2/jdk.proxy2.$Proxy19.click(Unknown Source)
	at pages.CabBookingPage.selectTripType(CabBookingPage.java:78)
	at testCases.CabBookingPageTest.TC_OCB_08(CabBookingPageTest.java:241)
	at java.base/java.util.concurrent.Executors$RunnableAdapter.call(Executors.java:572)
	at java.base/java.util.concurrent.FutureTask.run(FutureTask.java:317)
	at java.base/java.util.concurrent.ThreadPoolExecutor.runWorker(ThreadPoolExecutor.java:1144)
	at java.base/java.util.concurrent.ThreadPoolExecutor$Worker.run(ThreadPoolExecutor.java:642)
	at java.base/java.lang.Thread.run(Thread.java:1583)
... Removed 16 stack frames
</div> <!-- stack-trace -->
                  <em>
(To verify Suggestion when an invalid/unserviceable "From" location is entered.)                  </em>
                </div> <!-- method-content -->
              </div> <!-- method -->
              <div class="method">
                <div class="method-content">
                  <a name="TC_OCB_09(Delhi, Manali, Himachal Pradesh, Aug 09 2025, 12:40 PM, SUV)">
                  </a> <!-- TC_OCB_09(Delhi, Manali, Himachal Pradesh, Aug 09 2025, 12:40 PM, SUV) -->
                  <span class="method-name">TC_OCB_09</span>
                  <span class="parameters">(Delhi,Manali, Himachal Pradesh,Aug 09 2025,12:40 PM,SUV)</span>
                  <div class="stack-trace">org.openqa.selenium.ElementClickInterceptedException: element click intercepted: Element &lt;li data-cy=&quot;outstationOneWay&quot; class=&quot;b2c_selected selectedText&quot;&gt;...&lt;/li&gt; is not clickable at point (134, 207). Other element would receive the click: &lt;div data-cy=&quot;OutstationOneWayWidget_52&quot; class=&quot;hsBackDrop&quot;&gt;&lt;/div&gt;
  (Session info: chrome=137.0.7151.69)
Build info: version: &apos;4.34.0&apos;, revision: &apos;707dcb4246*&apos;
System info: os.name: &apos;Windows 11&apos;, os.arch: &apos;amd64&apos;, os.version: &apos;10.0&apos;, java.version: &apos;21.0.6&apos;
Driver info: org.openqa.selenium.chrome.ChromeDriver
Command: [af68ccbea0f104b2d55745d20b715d4d, clickElement {id=f.D0ABB7A32768BD08A603E5E619443D41.d.353C9AC0437EB79D47A382E141280636.e.819}]
Capabilities {acceptInsecureCerts: false, browserName: chrome, browserVersion: 137.0.7151.69, chrome: {chromedriverVersion: 137.0.7151.119 (e0ac9d12dff..., userDataDir: C:\Users\2406720\AppData\Lo...}, fedcm:accounts: true, goog:chromeOptions: {debuggerAddress: localhost:63016}, networkConnectionEnabled: false, pageLoadStrategy: normal, platformName: windows, proxy: Proxy(), se:cdp: ws://localhost:63016/devtoo..., se:cdpVersion: 137.0.7151.69, setWindowRect: true, strictFileInteractability: false, timeouts: {implicit: 0, pageLoad: 300000, script: 30000}, unhandledPromptBehavior: dismiss and notify, webauthn:extension:credBlob: true, webauthn:extension:largeBlob: true, webauthn:extension:minPinLength: true, webauthn:extension:prf: true, webauthn:virtualAuthenticators: true}
Element: [[ChromeDriver: chrome on windows (af68ccbea0f104b2d55745d20b715d4d)] -&gt; xpath: //li[text()=&apos;Outstation One-Way&apos;]]
Session ID: af68ccbea0f104b2d55745d20b715d4d
	at org.openqa.selenium.remote.ErrorCodec.decode(ErrorCodec.java:167)
	at org.openqa.selenium.remote.codec.w3c.W3CHttpResponseCodec.decode(W3CHttpResponseCodec.java:138)
	at org.openqa.selenium.remote.codec.w3c.W3CHttpResponseCodec.decode(W3CHttpResponseCodec.java:50)
	at org.openqa.selenium.remote.HttpCommandExecutor.execute(HttpCommandExecutor.java:215)
	at org.openqa.selenium.remote.service.DriverCommandExecutor.invokeExecute(DriverCommandExecutor.java:216)
	at org.openqa.selenium.remote.service.DriverCommandExecutor.execute(DriverCommandExecutor.java:174)
	at org.openqa.selenium.remote.RemoteWebDriver.execute(RemoteWebDriver.java:544)
	at org.openqa.selenium.remote.RemoteWebElement.execute(RemoteWebElement.java:223)
	at org.openqa.selenium.remote.RemoteWebElement.click(RemoteWebElement.java:76)
	at org.openqa.selenium.support.pagefactory.internal.LocatingElementHandler.invoke(LocatingElementHandler.java:51)
	at jdk.proxy2/jdk.proxy2.$Proxy19.click(Unknown Source)
	at pages.CabBookingPage.selectTripType(CabBookingPage.java:78)
	at testCases.CabBookingPageTest.TC_OCB_09(CabBookingPageTest.java:261)
	at java.base/java.util.concurrent.Executors$RunnableAdapter.call(Executors.java:572)
	at java.base/java.util.concurrent.FutureTask.run(FutureTask.java:317)
	at java.base/java.util.concurrent.ThreadPoolExecutor.runWorker(ThreadPoolExecutor.java:1144)
	at java.base/java.util.concurrent.ThreadPoolExecutor$Worker.run(ThreadPoolExecutor.java:642)
	at java.base/java.lang.Thread.run(Thread.java:1583)
... Removed 16 stack frames
</div> <!-- stack-trace -->
                  <em>
(To verify Suggestion when an invalid/unserviceable "To" location is entered.)                  </em>
                </div> <!-- method-content -->
              </div> <!-- method -->
              <div class="method">
                <div class="method-content">
                  <a name="TC_OCB_11(Delhi, Manali, Himachal Pradesh, Aug 09 2025, 12:40 PM, SUV)">
                  </a> <!-- TC_OCB_11(Delhi, Manali, Himachal Pradesh, Aug 09 2025, 12:40 PM, SUV) -->
                  <span class="method-name">TC_OCB_11</span>
                  <span class="parameters">(Delhi,Manali, Himachal Pradesh,Aug 09 2025,12:40 PM,SUV)</span>
                  <div class="stack-trace">org.openqa.selenium.NoSuchSessionException: Session ID is null. Using WebDriver after calling quit()?
Build info: version: &apos;4.34.0&apos;, revision: &apos;707dcb4246*&apos;
System info: os.name: &apos;Windows 11&apos;, os.arch: &apos;amd64&apos;, os.version: &apos;10.0&apos;, java.version: &apos;21.0.6&apos;
Driver info: org.openqa.selenium.chrome.ChromeDriver
Command: [null, executeScript {script=arguments[0].scrollIntoView(), args=[{element-6066-11e4-a52e-4f735466cecf=f.D0ABB7A32768BD08A603E5E619443D41.d.A681B96220CF8EC4989C58F787DB842A.e.891}]}]
Capabilities {acceptInsecureCerts: false, browserName: chrome, browserVersion: 137.0.7151.69, chrome: {chromedriverVersion: 137.0.7151.119 (e0ac9d12dff..., userDataDir: C:\Users\2406720\AppData\Lo...}, fedcm:accounts: true, goog:chromeOptions: {debuggerAddress: localhost:63050}, networkConnectionEnabled: false, pageLoadStrategy: normal, platformName: windows, proxy: Proxy(), se:cdp: ws://localhost:63050/devtoo..., se:cdpVersion: 137.0.7151.69, setWindowRect: true, strictFileInteractability: false, timeouts: {implicit: 0, pageLoad: 300000, script: 30000}, unhandledPromptBehavior: dismiss and notify, webauthn:extension:credBlob: true, webauthn:extension:largeBlob: true, webauthn:extension:minPinLength: true, webauthn:extension:prf: true, webauthn:virtualAuthenticators: true}
	at org.openqa.selenium.remote.HttpCommandExecutor.execute(HttpCommandExecutor.java:176)
	at org.openqa.selenium.remote.service.DriverCommandExecutor.invokeExecute(DriverCommandExecutor.java:216)
	at org.openqa.selenium.remote.service.DriverCommandExecutor.execute(DriverCommandExecutor.java:174)
	at org.openqa.selenium.remote.RemoteWebDriver.execute(RemoteWebDriver.java:544)
	at org.openqa.selenium.remote.RemoteWebDriver.executeScript(RemoteWebDriver.java:475)
	at pages.CabBookingPage.scrollClick(CabBookingPage.java:206)
	at pages.CabBookingPage.clickdeparture(CabBookingPage.java:149)
	at testCases.CabBookingPageTest.TC_OCB_11(CabBookingPageTest.java:302)
	at java.base/java.util.concurrent.Executors$RunnableAdapter.call(Executors.java:572)
	at java.base/java.util.concurrent.FutureTask.run(FutureTask.java:317)
	at java.base/java.util.concurrent.ThreadPoolExecutor.runWorker(ThreadPoolExecutor.java:1144)
	at java.base/java.util.concurrent.ThreadPoolExecutor$Worker.run(ThreadPoolExecutor.java:642)
	at java.base/java.lang.Thread.run(Thread.java:1583)
... Removed 11 stack frames
</div> <!-- stack-trace -->
                  <em>
(To verify that dates beyond  limit in the future are disabled in the departure date picker.)                  </em>
                </div> <!-- method-content -->
              </div> <!-- method -->
              <div class="method">
                <div class="method-content">
                  <a name="TC_OCB_12(Delhi, Manali, Himachal Pradesh, Aug 09 2025, 12:40 PM, SUV)">
                  </a> <!-- TC_OCB_12(Delhi, Manali, Himachal Pradesh, Aug 09 2025, 12:40 PM, SUV) -->
                  <span class="method-name">TC_OCB_12</span>
                  <span class="parameters">(Delhi,Manali, Himachal Pradesh,Aug 09 2025,12:40 PM,SUV)</span>
                  <div class="stack-trace">org.openqa.selenium.ElementClickInterceptedException: element click intercepted: Element &lt;li data-cy=&quot;outstationOneWay&quot; class=&quot;b2c_selected selectedText&quot;&gt;...&lt;/li&gt; is not clickable at point (134, 207). Other element would receive the click: &lt;div data-cy=&quot;OutstationOneWayWidget_52&quot; class=&quot;hsBackDrop&quot;&gt;&lt;/div&gt;
  (Session info: chrome=137.0.7151.69)
Build info: version: &apos;4.34.0&apos;, revision: &apos;707dcb4246*&apos;
System info: os.name: &apos;Windows 11&apos;, os.arch: &apos;amd64&apos;, os.version: &apos;10.0&apos;, java.version: &apos;21.0.6&apos;
Driver info: org.openqa.selenium.chrome.ChromeDriver
Command: [af68ccbea0f104b2d55745d20b715d4d, clickElement {id=f.D0ABB7A32768BD08A603E5E619443D41.d.C16B4FCE8910C52FB5D0ECBD1BF846CC.e.963}]
Capabilities {acceptInsecureCerts: false, browserName: chrome, browserVersion: 137.0.7151.69, chrome: {chromedriverVersion: 137.0.7151.119 (e0ac9d12dff..., userDataDir: C:\Users\2406720\AppData\Lo...}, fedcm:accounts: true, goog:chromeOptions: {debuggerAddress: localhost:63016}, networkConnectionEnabled: false, pageLoadStrategy: normal, platformName: windows, proxy: Proxy(), se:cdp: ws://localhost:63016/devtoo..., se:cdpVersion: 137.0.7151.69, setWindowRect: true, strictFileInteractability: false, timeouts: {implicit: 0, pageLoad: 300000, script: 30000}, unhandledPromptBehavior: dismiss and notify, webauthn:extension:credBlob: true, webauthn:extension:largeBlob: true, webauthn:extension:minPinLength: true, webauthn:extension:prf: true, webauthn:virtualAuthenticators: true}
Element: [[ChromeDriver: chrome on windows (af68ccbea0f104b2d55745d20b715d4d)] -&gt; xpath: //li[text()=&apos;Outstation One-Way&apos;]]
Session ID: af68ccbea0f104b2d55745d20b715d4d
	at org.openqa.selenium.remote.ErrorCodec.decode(ErrorCodec.java:167)
	at org.openqa.selenium.remote.codec.w3c.W3CHttpResponseCodec.decode(W3CHttpResponseCodec.java:138)
	at org.openqa.selenium.remote.codec.w3c.W3CHttpResponseCodec.decode(W3CHttpResponseCodec.java:50)
	at org.openqa.selenium.remote.HttpCommandExecutor.execute(HttpCommandExecutor.java:215)
	at org.openqa.selenium.remote.service.DriverCommandExecutor.invokeExecute(DriverCommandExecutor.java:216)
	at org.openqa.selenium.remote.service.DriverCommandExecutor.execute(DriverCommandExecutor.java:174)
	at org.openqa.selenium.remote.RemoteWebDriver.execute(RemoteWebDriver.java:544)
	at org.openqa.selenium.remote.RemoteWebElement.execute(RemoteWebElement.java:223)
	at org.openqa.selenium.remote.RemoteWebElement.click(RemoteWebElement.java:76)
	at org.openqa.selenium.support.pagefactory.internal.LocatingElementHandler.invoke(LocatingElementHandler.java:51)
	at jdk.proxy2/jdk.proxy2.$Proxy19.click(Unknown Source)
	at pages.CabBookingPage.selectTripType(CabBookingPage.java:78)
	at testCases.CabBookingPageTest.TC_OCB_12(CabBookingPageTest.java:334)
	at java.base/java.util.concurrent.Executors$RunnableAdapter.call(Executors.java:572)
	at java.base/java.util.concurrent.FutureTask.run(FutureTask.java:317)
	at java.base/java.util.concurrent.ThreadPoolExecutor.runWorker(ThreadPoolExecutor.java:1144)
	at java.base/java.util.concurrent.ThreadPoolExecutor$Worker.run(ThreadPoolExecutor.java:642)
	at java.base/java.lang.Thread.run(Thread.java:1583)
... Removed 16 stack frames
</div> <!-- stack-trace -->
                  <em>
(To verify the presence of SUV filter.)                  </em>
                </div> <!-- method-content -->
              </div> <!-- method -->
              <div class="method">
                <div class="method-content">
                  <a name="TC_OCB_13(Delhi, Manali, Himachal Pradesh, Aug 09 2025, 12:40 PM, SUV)">
                  </a> <!-- TC_OCB_13(Delhi, Manali, Himachal Pradesh, Aug 09 2025, 12:40 PM, SUV) -->
                  <span class="method-name">TC_OCB_13</span>
                  <span class="parameters">(Delhi,Manali, Himachal Pradesh,Aug 09 2025,12:40 PM,SUV)</span>
                  <div class="stack-trace">org.openqa.selenium.ElementClickInterceptedException: element click intercepted: Element &lt;li data-cy=&quot;outstationOneWay&quot; class=&quot;b2c_selected selectedText&quot;&gt;...&lt;/li&gt; is not clickable at point (134, 207). Other element would receive the click: &lt;div data-cy=&quot;OutstationOneWayWidget_52&quot; class=&quot;hsBackDrop&quot;&gt;&lt;/div&gt;
  (Session info: chrome=137.0.7151.69)
Build info: version: &apos;4.34.0&apos;, revision: &apos;707dcb4246*&apos;
System info: os.name: &apos;Windows 11&apos;, os.arch: &apos;amd64&apos;, os.version: &apos;10.0&apos;, java.version: &apos;21.0.6&apos;
Driver info: org.openqa.selenium.chrome.ChromeDriver
Command: [af68ccbea0f104b2d55745d20b715d4d, clickElement {id=f.D0ABB7A32768BD08A603E5E619443D41.d.738649143B596203ECA3F9BB5FEBAAA7.e.1030}]
Capabilities {acceptInsecureCerts: false, browserName: chrome, browserVersion: 137.0.7151.69, chrome: {chromedriverVersion: 137.0.7151.119 (e0ac9d12dff..., userDataDir: C:\Users\2406720\AppData\Lo...}, fedcm:accounts: true, goog:chromeOptions: {debuggerAddress: localhost:63016}, networkConnectionEnabled: false, pageLoadStrategy: normal, platformName: windows, proxy: Proxy(), se:cdp: ws://localhost:63016/devtoo..., se:cdpVersion: 137.0.7151.69, setWindowRect: true, strictFileInteractability: false, timeouts: {implicit: 0, pageLoad: 300000, script: 30000}, unhandledPromptBehavior: dismiss and notify, webauthn:extension:credBlob: true, webauthn:extension:largeBlob: true, webauthn:extension:minPinLength: true, webauthn:extension:prf: true, webauthn:virtualAuthenticators: true}
Element: [[ChromeDriver: chrome on windows (af68ccbea0f104b2d55745d20b715d4d)] -&gt; xpath: //li[text()=&apos;Outstation One-Way&apos;]]
Session ID: af68ccbea0f104b2d55745d20b715d4d
	at org.openqa.selenium.remote.ErrorCodec.decode(ErrorCodec.java:167)
	at org.openqa.selenium.remote.codec.w3c.W3CHttpResponseCodec.decode(W3CHttpResponseCodec.java:138)
	at org.openqa.selenium.remote.codec.w3c.W3CHttpResponseCodec.decode(W3CHttpResponseCodec.java:50)
	at org.openqa.selenium.remote.HttpCommandExecutor.execute(HttpCommandExecutor.java:215)
	at org.openqa.selenium.remote.service.DriverCommandExecutor.invokeExecute(DriverCommandExecutor.java:216)
	at org.openqa.selenium.remote.service.DriverCommandExecutor.execute(DriverCommandExecutor.java:174)
	at org.openqa.selenium.remote.RemoteWebDriver.execute(RemoteWebDriver.java:544)
	at org.openqa.selenium.remote.RemoteWebElement.execute(RemoteWebElement.java:223)
	at org.openqa.selenium.remote.RemoteWebElement.click(RemoteWebElement.java:76)
	at org.openqa.selenium.support.pagefactory.internal.LocatingElementHandler.invoke(LocatingElementHandler.java:51)
	at jdk.proxy2/jdk.proxy2.$Proxy19.click(Unknown Source)
	at pages.CabBookingPage.selectTripType(CabBookingPage.java:78)
	at testCases.CabBookingPageTest.TC_OCB_13(CabBookingPageTest.java:360)
	at java.base/java.util.concurrent.Executors$RunnableAdapter.call(Executors.java:572)
	at java.base/java.util.concurrent.FutureTask.run(FutureTask.java:317)
	at java.base/java.util.concurrent.ThreadPoolExecutor.runWorker(ThreadPoolExecutor.java:1144)
	at java.base/java.util.concurrent.ThreadPoolExecutor$Worker.run(ThreadPoolExecutor.java:642)
	at java.base/java.lang.Thread.run(Thread.java:1583)
... Removed 16 stack frames
</div> <!-- stack-trace -->
                  <em>
(To verify that search results are displayed even if "SUV" filter is not applied initially.)                  </em>
                </div> <!-- method-content -->
              </div> <!-- method -->
              <div class="method">
                <div class="method-content">
                  <a name="TC_OCB_14">
                  </a> <!-- TC_OCB_14 -->
                  <span class="method-name">TC_OCB_14</span>
                  <div class="stack-trace">org.openqa.selenium.ElementClickInterceptedException: element click intercepted: Element &lt;li data-cy=&quot;outstationOneWay&quot; class=&quot;b2c_selected selectedText&quot;&gt;...&lt;/li&gt; is not clickable at point (134, 207). Other element would receive the click: &lt;div data-cy=&quot;OutstationOneWayWidget_52&quot; class=&quot;hsBackDrop&quot;&gt;&lt;/div&gt;
  (Session info: chrome=137.0.7151.69)
Build info: version: &apos;4.34.0&apos;, revision: &apos;707dcb4246*&apos;
System info: os.name: &apos;Windows 11&apos;, os.arch: &apos;amd64&apos;, os.version: &apos;10.0&apos;, java.version: &apos;21.0.6&apos;
Driver info: org.openqa.selenium.chrome.ChromeDriver
Command: [af68ccbea0f104b2d55745d20b715d4d, clickElement {id=f.D0ABB7A32768BD08A603E5E619443D41.d.13FAD1E348DCDB09A4E37A987145733D.e.265}]
Capabilities {acceptInsecureCerts: false, browserName: chrome, browserVersion: 137.0.7151.69, chrome: {chromedriverVersion: 137.0.7151.119 (e0ac9d12dff..., userDataDir: C:\Users\2406720\AppData\Lo...}, fedcm:accounts: true, goog:chromeOptions: {debuggerAddress: localhost:63016}, networkConnectionEnabled: false, pageLoadStrategy: normal, platformName: windows, proxy: Proxy(), se:cdp: ws://localhost:63016/devtoo..., se:cdpVersion: 137.0.7151.69, setWindowRect: true, strictFileInteractability: false, timeouts: {implicit: 0, pageLoad: 300000, script: 30000}, unhandledPromptBehavior: dismiss and notify, webauthn:extension:credBlob: true, webauthn:extension:largeBlob: true, webauthn:extension:minPinLength: true, webauthn:extension:prf: true, webauthn:virtualAuthenticators: true}
Element: [[ChromeDriver: chrome on windows (af68ccbea0f104b2d55745d20b715d4d)] -&gt; xpath: //li[text()=&apos;Outstation One-Way&apos;]]
Session ID: af68ccbea0f104b2d55745d20b715d4d
	at org.openqa.selenium.remote.ErrorCodec.decode(ErrorCodec.java:167)
	at org.openqa.selenium.remote.codec.w3c.W3CHttpResponseCodec.decode(W3CHttpResponseCodec.java:138)
	at org.openqa.selenium.remote.codec.w3c.W3CHttpResponseCodec.decode(W3CHttpResponseCodec.java:50)
	at org.openqa.selenium.remote.HttpCommandExecutor.execute(HttpCommandExecutor.java:215)
	at org.openqa.selenium.remote.service.DriverCommandExecutor.invokeExecute(DriverCommandExecutor.java:216)
	at org.openqa.selenium.remote.service.DriverCommandExecutor.execute(DriverCommandExecutor.java:174)
	at org.openqa.selenium.remote.RemoteWebDriver.execute(RemoteWebDriver.java:544)
	at org.openqa.selenium.remote.RemoteWebElement.execute(RemoteWebElement.java:223)
	at org.openqa.selenium.remote.RemoteWebElement.click(RemoteWebElement.java:76)
	at org.openqa.selenium.support.pagefactory.internal.LocatingElementHandler.invoke(LocatingElementHandler.java:51)
	at jdk.proxy2/jdk.proxy2.$Proxy19.click(Unknown Source)
	at pages.CabBookingPage.selectTripType(CabBookingPage.java:78)
	at testCases.CabBookingPageTest.TC_OCB_14(CabBookingPageTest.java:385)
	at java.base/java.util.concurrent.Executors$RunnableAdapter.call(Executors.java:572)
	at java.base/java.util.concurrent.FutureTask.run(FutureTask.java:317)
	at java.base/java.util.concurrent.ThreadPoolExecutor.runWorker(ThreadPoolExecutor.java:1144)
	at java.base/java.util.concurrent.ThreadPoolExecutor$Worker.run(ThreadPoolExecutor.java:642)
	at java.base/java.lang.Thread.run(Thread.java:1583)
... Removed 16 stack frames
</div> <!-- stack-trace -->
                  <em>
(To verify behavior when no cabs are available for the selected criteria.)                  </em>
                </div> <!-- method-content -->
              </div> <!-- method -->
              <div class="method">
                <div class="method-content">
                  <a name="TC_OCB_15(Delhi, Manali, Himachal Pradesh, Aug 09 2025, 12:40 PM, SUV)">
                  </a> <!-- TC_OCB_15(Delhi, Manali, Himachal Pradesh, Aug 09 2025, 12:40 PM, SUV) -->
                  <span class="method-name">TC_OCB_15</span>
                  <span class="parameters">(Delhi,Manali, Himachal Pradesh,Aug 09 2025,12:40 PM,SUV)</span>
                  <div class="stack-trace">org.openqa.selenium.ElementClickInterceptedException: element click intercepted: Element &lt;li data-cy=&quot;outstationOneWay&quot; class=&quot;b2c_selected selectedText&quot;&gt;...&lt;/li&gt; is not clickable at point (134, 207). Other element would receive the click: &lt;div data-cy=&quot;OutstationOneWayWidget_52&quot; class=&quot;hsBackDrop&quot;&gt;&lt;/div&gt;
  (Session info: chrome=137.0.7151.69)
Build info: version: &apos;4.34.0&apos;, revision: &apos;707dcb4246*&apos;
System info: os.name: &apos;Windows 11&apos;, os.arch: &apos;amd64&apos;, os.version: &apos;10.0&apos;, java.version: &apos;21.0.6&apos;
Driver info: org.openqa.selenium.chrome.ChromeDriver
Command: [af68ccbea0f104b2d55745d20b715d4d, clickElement {id=f.D0ABB7A32768BD08A603E5E619443D41.d.5345FBFE7844EF0CB688E0C5AB88CEEF.e.1091}]
Capabilities {acceptInsecureCerts: false, browserName: chrome, browserVersion: 137.0.7151.69, chrome: {chromedriverVersion: 137.0.7151.119 (e0ac9d12dff..., userDataDir: C:\Users\2406720\AppData\Lo...}, fedcm:accounts: true, goog:chromeOptions: {debuggerAddress: localhost:63016}, networkConnectionEnabled: false, pageLoadStrategy: normal, platformName: windows, proxy: Proxy(), se:cdp: ws://localhost:63016/devtoo..., se:cdpVersion: 137.0.7151.69, setWindowRect: true, strictFileInteractability: false, timeouts: {implicit: 0, pageLoad: 300000, script: 30000}, unhandledPromptBehavior: dismiss and notify, webauthn:extension:credBlob: true, webauthn:extension:largeBlob: true, webauthn:extension:minPinLength: true, webauthn:extension:prf: true, webauthn:virtualAuthenticators: true}
Element: [[ChromeDriver: chrome on windows (af68ccbea0f104b2d55745d20b715d4d)] -&gt; xpath: //li[text()=&apos;Outstation One-Way&apos;]]
Session ID: af68ccbea0f104b2d55745d20b715d4d
	at org.openqa.selenium.remote.ErrorCodec.decode(ErrorCodec.java:167)
	at org.openqa.selenium.remote.codec.w3c.W3CHttpResponseCodec.decode(W3CHttpResponseCodec.java:138)
	at org.openqa.selenium.remote.codec.w3c.W3CHttpResponseCodec.decode(W3CHttpResponseCodec.java:50)
	at org.openqa.selenium.remote.HttpCommandExecutor.execute(HttpCommandExecutor.java:215)
	at org.openqa.selenium.remote.service.DriverCommandExecutor.invokeExecute(DriverCommandExecutor.java:216)
	at org.openqa.selenium.remote.service.DriverCommandExecutor.execute(DriverCommandExecutor.java:174)
	at org.openqa.selenium.remote.RemoteWebDriver.execute(RemoteWebDriver.java:544)
	at org.openqa.selenium.remote.RemoteWebElement.execute(RemoteWebElement.java:223)
	at org.openqa.selenium.remote.RemoteWebElement.click(RemoteWebElement.java:76)
	at org.openqa.selenium.support.pagefactory.internal.LocatingElementHandler.invoke(LocatingElementHandler.java:51)
	at jdk.proxy2/jdk.proxy2.$Proxy19.click(Unknown Source)
	at pages.CabBookingPage.selectTripType(CabBookingPage.java:78)
	at testCases.CabBookingPageTest.TC_OCB_15(CabBookingPageTest.java:410)
	at java.base/java.util.concurrent.Executors$RunnableAdapter.call(Executors.java:572)
	at java.base/java.util.concurrent.FutureTask.run(FutureTask.java:317)
	at java.base/java.util.concurrent.ThreadPoolExecutor.runWorker(ThreadPoolExecutor.java:1144)
	at java.base/java.util.concurrent.ThreadPoolExecutor$Worker.run(ThreadPoolExecutor.java:642)
	at java.base/java.lang.Thread.run(Thread.java:1583)
... Removed 16 stack frames
</div> <!-- stack-trace -->
                  <em>
(To verify behavior with same "From" and "To" locations.)                  </em>
                </div> <!-- method-content -->
              </div> <!-- method -->
            </div> <!-- main-panel-content rounded-window-bottom -->
          </div> <!-- suite-Suite-class-failed -->
          <div class="suite-Suite-class-failed">
            <div class="main-panel-header rounded-window-top">
              <img src="failed.png"/>
              <span class="class-name">testCases.GiftCardPageTest</span>
            </div> <!-- main-panel-header rounded-window-top -->
            <div class="main-panel-content rounded-window-bottom">
              <div class="method">
                <div class="method-content">
                  <a name="TC_GC_01">
                  </a> <!-- TC_GC_01 -->
                  <span class="method-name">TC_GC_01</span>
                  <div class="stack-trace">java.lang.NullPointerException: Cannot invoke &quot;com.aventstack.extentreports.ExtentReports.createTest(String)&quot; because &quot;this.extent&quot; is null
	at testCases.GiftCardPageTest.TC_GC_01(GiftCardPageTest.java:16)
	at java.base/java.util.concurrent.Executors$RunnableAdapter.call(Executors.java:572)
	at java.base/java.util.concurrent.FutureTask.run(FutureTask.java:317)
	at java.base/java.util.concurrent.ThreadPoolExecutor.runWorker(ThreadPoolExecutor.java:1144)
	at java.base/java.util.concurrent.ThreadPoolExecutor$Worker.run(ThreadPoolExecutor.java:642)
	at java.base/java.lang.Thread.run(Thread.java:1583)
... Removed 11 stack frames
</div> <!-- stack-trace -->
                </div> <!-- method-content -->
              </div> <!-- method -->
              <div class="method">
                <div class="method-content">
                  <a name="TC_GC_02">
                  </a> <!-- TC_GC_02 -->
                  <span class="method-name">TC_GC_02</span>
                  <div class="stack-trace">java.lang.NullPointerException: Cannot invoke &quot;com.aventstack.extentreports.ExtentReports.createTest(String)&quot; because &quot;this.extent&quot; is null
	at testCases.GiftCardPageTest.TC_GC_02(GiftCardPageTest.java:35)
	at java.base/java.util.concurrent.Executors$RunnableAdapter.call(Executors.java:572)
	at java.base/java.util.concurrent.FutureTask.run(FutureTask.java:317)
	at java.base/java.util.concurrent.ThreadPoolExecutor.runWorker(ThreadPoolExecutor.java:1144)
	at java.base/java.util.concurrent.ThreadPoolExecutor$Worker.run(ThreadPoolExecutor.java:642)
	at java.base/java.lang.Thread.run(Thread.java:1583)
... Removed 11 stack frames
</div> <!-- stack-trace -->
                </div> <!-- method-content -->
              </div> <!-- method -->
              <div class="method">
                <div class="method-content">
                  <a name="TC_GC_03">
                  </a> <!-- TC_GC_03 -->
                  <span class="method-name">TC_GC_03</span>
                  <div class="stack-trace">java.lang.NullPointerException: Cannot invoke &quot;com.aventstack.extentreports.ExtentReports.createTest(String)&quot; because &quot;this.extent&quot; is null
	at testCases.GiftCardPageTest.TC_GC_03(GiftCardPageTest.java:58)
	at java.base/java.util.concurrent.Executors$RunnableAdapter.call(Executors.java:572)
	at java.base/java.util.concurrent.FutureTask.run(FutureTask.java:317)
	at java.base/java.util.concurrent.ThreadPoolExecutor.runWorker(ThreadPoolExecutor.java:1144)
	at java.base/java.util.concurrent.ThreadPoolExecutor$Worker.run(ThreadPoolExecutor.java:642)
	at java.base/java.lang.Thread.run(Thread.java:1583)
... Removed 11 stack frames
</div> <!-- stack-trace -->
                </div> <!-- method-content -->
              </div> <!-- method -->
            </div> <!-- main-panel-content rounded-window-bottom -->
          </div> <!-- suite-Suite-class-failed -->
          <div class="suite-Suite-class-passed">
            <div class="main-panel-header rounded-window-top">
              <img src="passed.png"/>
              <span class="class-name">testCases.CabBookingPageTest</span>
            </div> <!-- main-panel-header rounded-window-top -->
            <div class="main-panel-content rounded-window-bottom">
              <div class="method">
                <div class="method-content">
                  <a name="TC_OCB_10(Delhi, Manali, Himachal Pradesh, Aug 09 2025, 12:40 PM, SUV)">
                  </a> <!-- TC_OCB_10(Delhi, Manali, Himachal Pradesh, Aug 09 2025, 12:40 PM, SUV) -->
                  <span class="method-name">TC_OCB_10</span>
                  <span class="parameters">(Delhi,Manali, Himachal Pradesh,Aug 09 2025,12:40 PM,SUV)</span>
                  <em>
(To verify that previous dates are disabled in the departure date picker.)                  </em>
                </div> <!-- method-content -->
              </div> <!-- method -->
            </div> <!-- main-panel-content rounded-window-bottom -->
          </div> <!-- suite-Suite-class-passed -->
        </div> <!-- panel Suite -->
        <div panel-name="test-xml-Suite" class="panel">
          <div class="main-panel-header rounded-window-top">
            <span class="header-content">C:\Users\2406720\MakeMyTrip_FinalProject\src\test\resources\tests.xml</span>
          </div> <!-- main-panel-header rounded-window-top -->
          <div class="main-panel-content rounded-window-bottom">
            <pre>
&lt;?xml version=&quot;1.0&quot; encoding=&quot;UTF-8&quot;?&gt;
&lt;!DOCTYPE suite SYSTEM &quot;https://testng.org/testng-1.0.dtd&quot;&gt;
&lt;suite thread-count=&quot;3&quot; parallel=&quot;classes&quot; name=&quot;Suite&quot; guice-stage=&quot;DEVELOPMENT&quot;&gt;
  &lt;test thread-count=&quot;3&quot; parallel=&quot;classes&quot; name=&quot;ParallelTests&quot;&gt;
    &lt;classes&gt;
      &lt;class name=&quot;testCases.CabBookingPageTest&quot;/&gt;
      &lt;class name=&quot;testCases.GiftCardPageTest&quot;/&gt;
      &lt;class name=&quot;testCases.HotelBookingTest&quot;/&gt;
    &lt;/classes&gt;
  &lt;/test&gt; &lt;!-- ParallelTests --&gt;
&lt;/suite&gt; &lt;!-- Suite --&gt;
            </pre>
          </div> <!-- main-panel-content rounded-window-bottom -->
        </div> <!-- panel -->
        <div panel-name="testlist-Suite" class="panel">
          <div class="main-panel-header rounded-window-top">
            <span class="header-content">Tests for Suite</span>
          </div> <!-- main-panel-header rounded-window-top -->
          <div class="main-panel-content rounded-window-bottom">
            <ul>
              <li>
                <span class="test-name">ParallelTests (3 classes)</span>
              </li>
            </ul>
          </div> <!-- main-panel-content rounded-window-bottom -->
        </div> <!-- panel -->
        <div panel-name="group-Suite" class="panel">
          <div class="main-panel-header rounded-window-top">
            <span class="header-content">Groups for Suite</span>
          </div> <!-- main-panel-header rounded-window-top -->
          <div class="main-panel-content rounded-window-bottom">
            <div class="test-group">
              <span class="test-group-name">regression</span>
              <br/>
              <div class="method-in-group">
                <span class="method-in-group-name">TC_OCB_07</span>
                <br/>
              </div> <!-- method-in-group -->
              <div class="method-in-group">
                <span class="method-in-group-name">TC_OCB_08</span>
                <br/>
              </div> <!-- method-in-group -->
              <div class="method-in-group">
                <span class="method-in-group-name">TC_OCB_09</span>
                <br/>
              </div> <!-- method-in-group -->
              <div class="method-in-group">
                <span class="method-in-group-name">TC_OCB_10</span>
                <br/>
              </div> <!-- method-in-group -->
              <div class="method-in-group">
                <span class="method-in-group-name">TC_OCB_11</span>
                <br/>
              </div> <!-- method-in-group -->
              <div class="method-in-group">
                <span class="method-in-group-name">TC_OCB_12</span>
                <br/>
              </div> <!-- method-in-group -->
              <div class="method-in-group">
                <span class="method-in-group-name">TC_OCB_13</span>
                <br/>
              </div> <!-- method-in-group -->
              <div class="method-in-group">
                <span class="method-in-group-name">TC_OCB_14</span>
                <br/>
              </div> <!-- method-in-group -->
              <div class="method-in-group">
                <span class="method-in-group-name">TC_OCB_15</span>
                <br/>
              </div> <!-- method-in-group -->
            </div> <!-- test-group -->
            <div class="test-group">
              <span class="test-group-name">smoke</span>
              <br/>
              <div class="method-in-group">
                <span class="method-in-group-name">TC_OCB_02</span>
                <br/>
              </div> <!-- method-in-group -->
              <div class="method-in-group">
                <span class="method-in-group-name">TC_OCB_03</span>
                <br/>
              </div> <!-- method-in-group -->
              <div class="method-in-group">
                <span class="method-in-group-name">TC_OCB_04</span>
                <br/>
              </div> <!-- method-in-group -->
              <div class="method-in-group">
                <span class="method-in-group-name">TC_OCB_05</span>
                <br/>
              </div> <!-- method-in-group -->
              <div class="method-in-group">
                <span class="method-in-group-name">TC_OCB_06</span>
                <br/>
              </div> <!-- method-in-group -->
            </div> <!-- test-group -->
          </div> <!-- main-panel-content rounded-window-bottom -->
        </div> <!-- panel -->
        <div panel-name="times-Suite" class="panel">
          <div class="main-panel-header rounded-window-top">
            <span class="header-content">Times for Suite</span>
          </div> <!-- main-panel-header rounded-window-top -->
          <div class="main-panel-content rounded-window-bottom">
            <div class="times-div">
              <script type="text/javascript">
suiteTableInitFunctions.push('tableData_Suite');
function tableData_Suite() {
var data = new google.visualization.DataTable();
data.addColumn('number', 'Number');
data.addColumn('string', 'Method');
data.addColumn('string', 'Class');
data.addColumn('number', 'Time (ms)');
data.addRows(23);
data.setCell(0, 0, 0)
data.setCell(0, 1, 'TC_OCB_14')
data.setCell(0, 2, 'testCases.CabBookingPageTest')
data.setCell(0, 3, 2634);
data.setCell(1, 0, 1)
data.setCell(1, 1, 'TC_OCB_10')
data.setCell(1, 2, 'testCases.CabBookingPageTest')
data.setCell(1, 3, 1802);
data.setCell(2, 0, 2)
data.setCell(2, 1, 'TC_OCB_02')
data.setCell(2, 2, 'testCases.CabBookingPageTest')
data.setCell(2, 3, 1797);
data.setCell(3, 0, 3)
data.setCell(3, 1, 'TC_OCB_01')
data.setCell(3, 2, 'testCases.CabBookingPageTest')
data.setCell(3, 3, 1761);
data.setCell(4, 0, 4)
data.setCell(4, 1, 'TC_OCB_03')
data.setCell(4, 2, 'testCases.CabBookingPageTest')
data.setCell(4, 3, 1671);
data.setCell(5, 0, 5)
data.setCell(5, 1, 'TC_OCB_13')
data.setCell(5, 2, 'testCases.CabBookingPageTest')
data.setCell(5, 3, 1645);
data.setCell(6, 0, 6)
data.setCell(6, 1, 'TC_OCB_09')
data.setCell(6, 2, 'testCases.CabBookingPageTest')
data.setCell(6, 3, 1639);
data.setCell(7, 0, 7)
data.setCell(7, 1, 'TC_OCB_04')
data.setCell(7, 2, 'testCases.CabBookingPageTest')
data.setCell(7, 3, 1576);
data.setCell(8, 0, 8)
data.setCell(8, 1, 'TC_OCB_06')
data.setCell(8, 2, 'testCases.CabBookingPageTest')
data.setCell(8, 3, 1419);
data.setCell(9, 0, 9)
data.setCell(9, 1, 'TC_OCB_11')
data.setCell(9, 2, 'testCases.CabBookingPageTest')
data.setCell(9, 3, 1408);
data.setCell(10, 0, 10)
data.setCell(10, 1, 'TC_OCB_15')
data.setCell(10, 2, 'testCases.CabBookingPageTest')
data.setCell(10, 3, 1405);
data.setCell(11, 0, 11)
data.setCell(11, 1, 'TC_OCB_12')
data.setCell(11, 2, 'testCases.CabBookingPageTest')
data.setCell(11, 3, 1401);
data.setCell(12, 0, 12)
data.setCell(12, 1, 'TC_OCB_07')
data.setCell(12, 2, 'testCases.CabBookingPageTest')
data.setCell(12, 3, 1399);
data.setCell(13, 0, 13)
data.setCell(13, 1, 'TC_OCB_05')
data.setCell(13, 2, 'testCases.CabBookingPageTest')
data.setCell(13, 3, 1395);
data.setCell(14, 0, 14)
data.setCell(14, 1, 'TC_OCB_08')
data.setCell(14, 2, 'testCases.CabBookingPageTest')
data.setCell(14, 3, 1384);
data.setCell(15, 0, 15)
data.setCell(15, 1, 'TC_GC_01')
data.setCell(15, 2, 'testCases.GiftCardPageTest')
data.setCell(15, 3, 11);
data.setCell(16, 0, 16)
data.setCell(16, 1, 'TC_GC_02')
data.setCell(16, 2, 'testCases.GiftCardPageTest')
data.setCell(16, 3, 4);
data.setCell(17, 0, 17)
data.setCell(17, 1, 'TC_HB_05')
data.setCell(17, 2, 'testCases.HotelBookingTest')
data.setCell(17, 3, 4);
data.setCell(18, 0, 18)
data.setCell(18, 1, 'TC_GC_03')
data.setCell(18, 2, 'testCases.GiftCardPageTest')
data.setCell(18, 3, 4);
data.setCell(19, 0, 19)
data.setCell(19, 1, 'TC_HB_02')
data.setCell(19, 2, 'testCases.HotelBookingTest')
data.setCell(19, 3, 2);
data.setCell(20, 0, 20)
data.setCell(20, 1, 'TC_HB_03')
data.setCell(20, 2, 'testCases.HotelBookingTest')
data.setCell(20, 3, 2);
data.setCell(21, 0, 21)
data.setCell(21, 1, 'TC_HB_04')
data.setCell(21, 2, 'testCases.HotelBookingTest')
data.setCell(21, 3, 2);
data.setCell(22, 0, 22)
data.setCell(22, 1, 'TC_HB_01')
data.setCell(22, 2, 'testCases.HotelBookingTest')
data.setCell(22, 3, 2);
window.suiteTableData['Suite']= { tableData: data, tableDiv: 'times-div-Suite'}
return data;
}
              </script>
              <span class="suite-total-time">Total running time: 24 seconds</span>
              <div id="times-div-Suite">
              </div> <!-- times-div-Suite -->
            </div> <!-- times-div -->
          </div> <!-- main-panel-content rounded-window-bottom -->
        </div> <!-- panel -->
        <div panel-name="reporter-Suite" class="panel">
          <div class="main-panel-header rounded-window-top">
            <span class="header-content">Reporter output for Suite</span>
          </div> <!-- main-panel-header rounded-window-top -->
          <div class="main-panel-content rounded-window-bottom">
          </div> <!-- main-panel-content rounded-window-bottom -->
        </div> <!-- panel -->
        <div panel-name="ignored-methods-Suite" class="panel">
          <div class="main-panel-header rounded-window-top">
            <span class="header-content">4 ignored methods</span>
          </div> <!-- main-panel-header rounded-window-top -->
          <div class="main-panel-content rounded-window-bottom">
            <div class="ignored-class-div">
              <span class="ignored-class-name">testCases.HotelBookingTest</span>
              <div class="ignored-methods-div">
                <span class="ignored-method-name">flushExtentReport</span>
                <br/>
                <span class="ignored-method-name">setupExtentReport</span>
                <br/>
              </div> <!-- ignored-methods-div -->
            </div> <!-- ignored-class-div -->
            <div class="ignored-class-div">
              <span class="ignored-class-name">testCases.GiftCardPageTest</span>
              <div class="ignored-methods-div">
                <span class="ignored-method-name">setupExtentReport</span>
                <br/>
                <span class="ignored-method-name">flushExtentReport</span>
                <br/>
              </div> <!-- ignored-methods-div -->
            </div> <!-- ignored-class-div -->
          </div> <!-- main-panel-content rounded-window-bottom -->
        </div> <!-- panel -->
        <div panel-name="chronological-Suite" class="panel">
          <div class="main-panel-header rounded-window-top">
            <span class="header-content">Methods in chronological order</span>
          </div> <!-- main-panel-header rounded-window-top -->
          <div class="main-panel-content rounded-window-bottom">
            <div class="chronological-class">
              <div class="chronological-class-name">testCases.CabBookingPageTest</div> <!-- chronological-class-name -->
              <div class="configuration-suite before">
                <span class="method-name">setupExtentReport</span>
                <span class="method-start">0 ms</span>
              </div> <!-- configuration-suite before -->
            </div> <!-- chronological-class -->
            <div class="chronological-class">
              <div class="chronological-class-name">testCases.GiftCardPageTest</div> <!-- chronological-class-name -->
              <div class="configuration-class before">
                <span class="method-name">DriverSetup</span>
                <span class="method-start">187 ms</span>
              </div> <!-- configuration-class before -->
            </div> <!-- chronological-class -->
            <div class="chronological-class">
              <div class="chronological-class-name">testCases.CabBookingPageTest</div> <!-- chronological-class-name -->
              <div class="configuration-class before">
                <span class="method-name">DriverSetup</span>
                <span class="method-start">187 ms</span>
              </div> <!-- configuration-class before -->
            </div> <!-- chronological-class -->
            <div class="chronological-class">
              <div class="chronological-class-name">testCases.HotelBookingTest</div> <!-- chronological-class-name -->
              <div class="configuration-class before">
                <span class="method-name">DriverSetup</span>
                <span class="method-start">187 ms</span>
              </div> <!-- configuration-class before -->
            </div> <!-- chronological-class -->
            <div class="chronological-class">
              <div class="chronological-class-name">testCases.GiftCardPageTest</div> <!-- chronological-class-name -->
              <div class="configuration-method before">
                <span class="method-name">goToHomePage</span>
                <span class="method-start">7322 ms</span>
              </div> <!-- configuration-method before -->
              <div class="test-method">
                <img src="failed.png">
                </img>
                <span class="method-name">TC_GC_01</span>
                <span class="method-start">7400 ms</span>
              </div> <!-- test-method -->
              <div class="configuration-method after">
                <span class="method-name">closingTestCase</span>
                <span class="method-start">7422 ms</span>
              </div> <!-- configuration-method after -->
              <div class="configuration-method before">
                <span class="method-name">goToHomePage</span>
                <span class="method-start">8941 ms</span>
              </div> <!-- configuration-method before -->
              <div class="test-method">
                <img src="failed.png">
                </img>
                <span class="method-name">TC_GC_02</span>
                <span class="method-start">8944 ms</span>
              </div> <!-- test-method -->
              <div class="configuration-method after">
                <span class="method-name">closingTestCase</span>
                <span class="method-start">8951 ms</span>
              </div> <!-- configuration-method after -->
            </div> <!-- chronological-class -->
            <div class="chronological-class">
              <div class="chronological-class-name">testCases.HotelBookingTest</div> <!-- chronological-class-name -->
              <div class="configuration-method before">
                <span class="method-name">goToHomePage</span>
                <span class="method-start">9720 ms</span>
              </div> <!-- configuration-method before -->
              <div class="test-method">
                <img src="failed.png">
                </img>
                <span class="method-name">TC_HB_01</span>
                <span class="method-start">9724 ms</span>
              </div> <!-- test-method -->
              <div class="configuration-method after">
                <span class="method-name">closingTestCase</span>
                <span class="method-start">9728 ms</span>
              </div> <!-- configuration-method after -->
            </div> <!-- chronological-class -->
            <div class="chronological-class">
              <div class="chronological-class-name">testCases.CabBookingPageTest</div> <!-- chronological-class-name -->
              <div class="configuration-method before">
                <span class="method-name">goToHomePage</span>
                <span class="method-start">9751 ms</span>
              </div> <!-- configuration-method before -->
              <div class="test-method">
                <span class="method-name">TC_OCB_10(Delhi, Manali, Himachal Pradesh, Aug 09 2025, 12:40 PM, SUV)</span>
                <span class="method-start">9758 ms</span>
              </div> <!-- test-method -->
            </div> <!-- chronological-class -->
            <div class="chronological-class">
              <div class="chronological-class-name">testCases.GiftCardPageTest</div> <!-- chronological-class-name -->
              <div class="configuration-method before">
                <span class="method-name">goToHomePage</span>
                <span class="method-start">10233 ms</span>
              </div> <!-- configuration-method before -->
              <div class="test-method">
                <img src="failed.png">
                </img>
                <span class="method-name">TC_GC_03</span>
                <span class="method-start">10241 ms</span>
              </div> <!-- test-method -->
              <div class="configuration-method after">
                <span class="method-name">closingTestCase</span>
                <span class="method-start">10250 ms</span>
              </div> <!-- configuration-method after -->
            </div> <!-- chronological-class -->
            <div class="chronological-class">
              <div class="chronological-class-name">testCases.HotelBookingTest</div> <!-- chronological-class-name -->
              <div class="configuration-method before">
                <span class="method-name">goToHomePage</span>
                <span class="method-start">11498 ms</span>
              </div> <!-- configuration-method before -->
              <div class="test-method">
                <img src="failed.png">
                </img>
                <span class="method-name">TC_HB_02</span>
                <span class="method-start">11504 ms</span>
              </div> <!-- test-method -->
              <div class="configuration-method after">
                <span class="method-name">closingTestCase</span>
                <span class="method-start">11509 ms</span>
              </div> <!-- configuration-method after -->
            </div> <!-- chronological-class -->
            <div class="chronological-class">
              <div class="chronological-class-name">testCases.CabBookingPageTest</div> <!-- chronological-class-name -->
              <div class="configuration-method after">
                <span class="method-name">closingTestCase</span>
                <span class="method-start">11564 ms</span>
              </div> <!-- configuration-method after -->
            </div> <!-- chronological-class -->
            <div class="chronological-class">
              <div class="chronological-class-name">testCases.GiftCardPageTest</div> <!-- chronological-class-name -->
              <div class="configuration-class after">
                <span class="method-name">tearDown</span>
                <span class="method-start">11827 ms</span>
              </div> <!-- configuration-class after -->
            </div> <!-- chronological-class -->
            <div class="chronological-class">
              <div class="chronological-class-name">testCases.HotelBookingTest</div> <!-- chronological-class-name -->
              <div class="configuration-method before">
                <span class="method-name">goToHomePage</span>
                <span class="method-start">12865 ms</span>
              </div> <!-- configuration-method before -->
              <div class="test-method">
                <img src="failed.png">
                </img>
                <span class="method-name">TC_HB_03</span>
                <span class="method-start">12868 ms</span>
              </div> <!-- test-method -->
              <div class="configuration-method after">
                <span class="method-name">closingTestCase</span>
                <span class="method-start">12872 ms</span>
              </div> <!-- configuration-method after -->
            </div> <!-- chronological-class -->
            <div class="chronological-class">
              <div class="chronological-class-name">testCases.CabBookingPageTest</div> <!-- chronological-class-name -->
              <div class="configuration-method before">
                <span class="method-name">goToHomePage</span>
                <span class="method-start">13039 ms</span>
              </div> <!-- configuration-method before -->
              <div class="test-method">
                <img src="failed.png">
                </img>
                <span class="method-name">TC_OCB_14</span>
                <span class="method-start">13042 ms</span>
              </div> <!-- test-method -->
            </div> <!-- chronological-class -->
            <div class="chronological-class">
              <div class="chronological-class-name">testCases.HotelBookingTest</div> <!-- chronological-class-name -->
              <div class="configuration-method before">
                <span class="method-name">goToHomePage</span>
                <span class="method-start">14195 ms</span>
              </div> <!-- configuration-method before -->
              <div class="test-method">
                <img src="failed.png">
                </img>
                <span class="method-name">TC_HB_04</span>
                <span class="method-start">14200 ms</span>
              </div> <!-- test-method -->
              <div class="configuration-method after">
                <span class="method-name">closingTestCase</span>
                <span class="method-start">14204 ms</span>
              </div> <!-- configuration-method after -->
              <div class="configuration-method before">
                <span class="method-name">goToHomePage</span>
                <span class="method-start">15208 ms</span>
              </div> <!-- configuration-method before -->
              <div class="test-method">
                <img src="failed.png">
                </img>
                <span class="method-name">TC_HB_05</span>
                <span class="method-start">15215 ms</span>
              </div> <!-- test-method -->
              <div class="configuration-method after">
                <span class="method-name">closingTestCase</span>
                <span class="method-start">15224 ms</span>
              </div> <!-- configuration-method after -->
            </div> <!-- chronological-class -->
            <div class="chronological-class">
              <div class="chronological-class-name">testCases.CabBookingPageTest</div> <!-- chronological-class-name -->
              <div class="configuration-method after">
                <span class="method-name">closingTestCase</span>
                <span class="method-start">15679 ms</span>
              </div> <!-- configuration-method after -->
            </div> <!-- chronological-class -->
            <div class="chronological-class">
              <div class="chronological-class-name">testCases.HotelBookingTest</div> <!-- chronological-class-name -->
              <div class="configuration-class after">
                <span class="method-name">tearDown</span>
                <span class="method-start">16271 ms</span>
              </div> <!-- configuration-class after -->
            </div> <!-- chronological-class -->
            <div class="chronological-class">
              <div class="chronological-class-name">testCases.CabBookingPageTest</div> <!-- chronological-class-name -->
              <div class="configuration-method before">
                <span class="method-name">goToHomePage</span>
                <span class="method-start">16565 ms</span>
              </div> <!-- configuration-method before -->
              <div class="test-method">
                <img src="failed.png">
                </img>
                <span class="method-name">TC_OCB_01(Delhi, Manali, Himachal Pradesh, Aug 09 2025, 12:40 PM, SUV)</span>
                <span class="method-start">16569 ms</span>
              </div> <!-- test-method -->
              <div class="configuration-method after">
                <span class="method-name">closingTestCase</span>
                <span class="method-start">18333 ms</span>
              </div> <!-- configuration-method after -->
              <div class="configuration-method before">
                <span class="method-name">goToHomePage</span>
                <span class="method-start">19468 ms</span>
              </div> <!-- configuration-method before -->
              <div class="test-method">
                <img src="failed.png">
                </img>
                <span class="method-name">TC_OCB_02(Delhi, Manali, Himachal Pradesh, Aug 09 2025, 12:40 PM, SUV)</span>
                <span class="method-start">19471 ms</span>
              </div> <!-- test-method -->
              <div class="configuration-method after">
                <span class="method-name">closingTestCase</span>
                <span class="method-start">21270 ms</span>
              </div> <!-- configuration-method after -->
              <div class="configuration-method before">
                <span class="method-name">goToHomePage</span>
                <span class="method-start">22120 ms</span>
              </div> <!-- configuration-method before -->
              <div class="test-method">
                <img src="failed.png">
                </img>
                <span class="method-name">TC_OCB_03(Delhi, Manali, Himachal Pradesh, Aug 09 2025, 12:40 PM, SUV)</span>
                <span class="method-start">22122 ms</span>
              </div> <!-- test-method -->
              <div class="configuration-method after">
                <span class="method-name">closingTestCase</span>
                <span class="method-start">23795 ms</span>
              </div> <!-- configuration-method after -->
              <div class="configuration-method before">
                <span class="method-name">goToHomePage</span>
                <span class="method-start">24648 ms</span>
              </div> <!-- configuration-method before -->
              <div class="test-method">
                <img src="failed.png">
                </img>
                <span class="method-name">TC_OCB_04(Delhi, Manali, Himachal Pradesh, Aug 09 2025, 12:40 PM, SUV)</span>
                <span class="method-start">24651 ms</span>
              </div> <!-- test-method -->
              <div class="configuration-method after">
                <span class="method-name">closingTestCase</span>
                <span class="method-start">26229 ms</span>
              </div> <!-- configuration-method after -->
              <div class="configuration-method before">
                <span class="method-name">goToHomePage</span>
                <span class="method-start">26923 ms</span>
              </div> <!-- configuration-method before -->
              <div class="test-method">
                <img src="failed.png">
                </img>
                <span class="method-name">TC_OCB_05(Delhi, Manali, Himachal Pradesh, Aug 09 2025, 12:40 PM, SUV)</span>
                <span class="method-start">26925 ms</span>
              </div> <!-- test-method -->
              <div class="configuration-method after">
                <span class="method-name">closingTestCase</span>
                <span class="method-start">28322 ms</span>
              </div> <!-- configuration-method after -->
              <div class="configuration-method before">
                <span class="method-name">goToHomePage</span>
                <span class="method-start">28990 ms</span>
              </div> <!-- configuration-method before -->
              <div class="test-method">
                <img src="failed.png">
                </img>
                <span class="method-name">TC_OCB_06(Delhi, Manali, Himachal Pradesh, Aug 09 2025, 12:40 PM, SUV)</span>
                <span class="method-start">28991 ms</span>
              </div> <!-- test-method -->
              <div class="configuration-method after">
                <span class="method-name">closingTestCase</span>
                <span class="method-start">30414 ms</span>
              </div> <!-- configuration-method after -->
              <div class="configuration-method before">
                <span class="method-name">goToHomePage</span>
                <span class="method-start">31162 ms</span>
              </div> <!-- configuration-method before -->
              <div class="test-method">
                <img src="failed.png">
                </img>
                <span class="method-name">TC_OCB_07(Delhi, Manali, Himachal Pradesh, Aug 09 2025, 12:40 PM, SUV)</span>
                <span class="method-start">31164 ms</span>
              </div> <!-- test-method -->
              <div class="configuration-method after">
                <span class="method-name">closingTestCase</span>
                <span class="method-start">32565 ms</span>
              </div> <!-- configuration-method after -->
              <div class="configuration-method before">
                <span class="method-name">goToHomePage</span>
                <span class="method-start">33305 ms</span>
              </div> <!-- configuration-method before -->
              <div class="test-method">
                <img src="failed.png">
                </img>
                <span class="method-name">TC_OCB_08(Delhi, Manali, Himachal Pradesh, Aug 09 2025, 12:40 PM, SUV)</span>
                <span class="method-start">33308 ms</span>
              </div> <!-- test-method -->
              <div class="configuration-method after">
                <span class="method-name">closingTestCase</span>
                <span class="method-start">34694 ms</span>
              </div> <!-- configuration-method after -->
              <div class="configuration-method before">
                <span class="method-name">goToHomePage</span>
                <span class="method-start">35373 ms</span>
              </div> <!-- configuration-method before -->
              <div class="test-method">
                <img src="failed.png">
                </img>
                <span class="method-name">TC_OCB_09(Delhi, Manali, Himachal Pradesh, Aug 09 2025, 12:40 PM, SUV)</span>
                <span class="method-start">35376 ms</span>
              </div> <!-- test-method -->
              <div class="configuration-method after">
                <span class="method-name">closingTestCase</span>
                <span class="method-start">37017 ms</span>
              </div> <!-- configuration-method after -->
              <div class="configuration-method before">
                <span class="method-name">goToHomePage</span>
                <span class="method-start">37690 ms</span>
              </div> <!-- configuration-method before -->
              <div class="test-method">
                <img src="failed.png">
                </img>
                <span class="method-name">TC_OCB_11(Delhi, Manali, Himachal Pradesh, Aug 09 2025, 12:40 PM, SUV)</span>
                <span class="method-start">37692 ms</span>
              </div> <!-- test-method -->
              <div class="configuration-method after">
                <span class="method-name">closingTestCase</span>
                <span class="method-start">39102 ms</span>
              </div> <!-- configuration-method after -->
              <div class="configuration-method before">
                <span class="method-name">goToHomePage</span>
                <span class="method-start">39916 ms</span>
              </div> <!-- configuration-method before -->
              <div class="test-method">
                <img src="failed.png">
                </img>
                <span class="method-name">TC_OCB_12(Delhi, Manali, Himachal Pradesh, Aug 09 2025, 12:40 PM, SUV)</span>
                <span class="method-start">39917 ms</span>
              </div> <!-- test-method -->
              <div class="configuration-method after">
                <span class="method-name">closingTestCase</span>
                <span class="method-start">41320 ms</span>
              </div> <!-- configuration-method after -->
              <div class="configuration-method before">
                <span class="method-name">goToHomePage</span>
                <span class="method-start">42043 ms</span>
              </div> <!-- configuration-method before -->
              <div class="test-method">
                <img src="failed.png">
                </img>
                <span class="method-name">TC_OCB_13(Delhi, Manali, Himachal Pradesh, Aug 09 2025, 12:40 PM, SUV)</span>
                <span class="method-start">42045 ms</span>
              </div> <!-- test-method -->
              <div class="configuration-method after">
                <span class="method-name">closingTestCase</span>
                <span class="method-start">43692 ms</span>
              </div> <!-- configuration-method after -->
              <div class="configuration-method before">
                <span class="method-name">goToHomePage</span>
                <span class="method-start">44405 ms</span>
              </div> <!-- configuration-method before -->
              <div class="test-method">
                <img src="failed.png">
                </img>
                <span class="method-name">TC_OCB_15(Delhi, Manali, Himachal Pradesh, Aug 09 2025, 12:40 PM, SUV)</span>
                <span class="method-start">44408 ms</span>
              </div> <!-- test-method -->
              <div class="configuration-method after">
                <span class="method-name">closingTestCase</span>
                <span class="method-start">45815 ms</span>
              </div> <!-- configuration-method after -->
              <div class="configuration-class after">
                <span class="method-name">tearDown</span>
                <span class="method-start">46636 ms</span>
              </div> <!-- configuration-class after -->
              <div class="configuration-suite after">
                <span class="method-name">flushExtentReport</span>
                <span class="method-start">49760 ms</span>
              </div> <!-- configuration-suite after -->
          </div> <!-- main-panel-content rounded-window-bottom -->
        </div> <!-- panel -->
      </div> <!-- main-panel-root -->
    </div> <!-- wrapper -->
  </body>
<script type="text/javascript" src="testng-reports2.js"></script>
</html>
